[256D[K[36m║╬[1;36mоп[2;37;0m[36mад[1;36m║©[2;37;0m[2;37;0m[1;36m╪нмч(java)ё╨[2;37;0m[1;36mdfgn фюмЙак╦Фкънр[2;37;0m
[256D[K[36m║╬[1;36mоп[2;37;0m[36mад[1;36m║©[2;37;0m[2;37;0m[1;36m╪нмч(java)©╢ак©╢аЗоС(longxiang)ё╛╡╩╫Ш╟╣вт╬╙яхё╛ри╩С╣юё╨║╟ъвё©║╠[2;37;0m[30m * yi longxiang
[256D[K[36m║╬[1;36mоп[2;37;0m[36mад[1;36m║©[2;37;0m[2;37;0m[1;36m╠╠д╝(mmww)ё╨[2;37;0m[1;36m©иртр╩╢н lian 300╢нбПё©[2;37;0m
[256D[K[36m║╬[1;36mоп[2;37;0m[36mад[1;36m║©[2;37;0m[2;37;0m[1;36m╤╚╥╫йЕйЕ(dfss)ё╨[2;37;0m[1;36mдЦйтве╟я╦РС║╧╕а╥акр╩г╖аЫ╟ылк║ё[2;37;0m
[256D[K[36m║╬[1;36mоп[2;37;0m[36mад[1;36m║©[2;37;0m[2;37;0m[1;36m╪нмч(java)©змб╟вд╜ё╛╩Х╣╧тз╣ьиоак║ё[2;37;0m[30m * faint 
[256D[K[36m║╬[1;36mоп[2;37;0m[36mад[1;36m║©[2;37;0m[2;37;0m[1;36m╪нмч(java)ё╨[2;37;0m[1;36m╨цак?[2;37;0m
[256D[K[36m║╬[1;36mоп[2;37;0m[36mад[1;36m║©[2;37;0m[2;37;0m[1;36m╤╚╥╫йЕйЕ(dfss)ё╨[2;37;0m[1;36mц╩спё╛╫с╧Щю╢фювзй╕[2;37;0m
[256D[K[36m║╬[1;36mоп[2;37;0m[36mад[1;36m║©[2;37;0m[2;37;0m[1;36m╠╠д╝(mmww)ри╩С╣д©╢жЬ╤╚╥╫йЕйЕ(dfss)║ё[2;37;0m[30m * ? dfss
[256D[K[36m║╬[1;36mоп[2;37;0m[36mад[1;36m║©[2;37;0m[2;37;0m[1;36m╠╠д╝(mmww)ё╨[2;37;0m[1;36mтУц╢е╙ё©[2;37;0m
[256D[K[36m║╬[1;36mоп[2;37;0m[36mад[1;36m║©[2;37;0m[2;37;0m[1;36m╠╠д╝(mmww)ё╨[2;37;0m[1;36mе╥яТ hb сцй╡ц╢нД╧╕ё©[2;37;0m
[256D[K[36m║╬[1;36mоп[2;37;0m[36mад[1;36m║©[2;37;0m[2;37;0m[1;36m╤╚╥╫╧цдО(dfgn)ё╨[2;37;0m[1;36mя╚уб[2;37;0m
[256D[K[36m║╬[1;36mоп[2;37;0m[36mад[1;36m║©[2;37;0m[2;37;0m[1;36m╩фия(huang shang)ё╨[2;37;0m[1;36mуФйгЁ╓╫╜╨Сюкмфг╟юкё╛оК╡╩╣╫╫Яхусжсп╤╚╥╫йЕйЕУриМнДаж╢Свзй╕╣дппапё║[2;37;0m
[256D[K[36m║╬[1;36mоп[2;37;0m[36mад[1;36m║©[2;37;0m[2;37;0m[1;36m╤ю╧бгС╟э(dugu qiubai)ё╨[2;37;0m[1;36mуБн╩п║пж╣э©ир╙ифвтуДжьё╛пКж╙г©жп╦Эспг©жпйж║ё[2;37;0m
[256D[K[36m║╬[1;36mоп[2;37;0m[36mад[1;36m║©[2;37;0m[2;37;0m[1;36mдо╨ёиЯдА(nanhai shenni)ё╨[2;37;0m[1;36m╡╩╢Мё╛╡╩╢Мё╛уФйг╡╩╢М║ё[2;37;0m
[256D[K[35m║╬[2;37;0m[1;35mр╔[2;37;0m[35mят[2;37;0m[1;35m║©[2;37;0m[2;37;0m[1;35mё╨[2;37;0m[1;35mлЩк╣╤╚╥╫йЕйЕЁин╙нДя╖╢Свзй╕║ё[2;37;0m
[256D[K[35m║╬[2;37;0m[1;35mр╔[2;37;0m[35mят[2;37;0m[1;35m║©[2;37;0m[2;37;0m[1;35mё╨[2;37;0m[1;35m╫╜╨Ч╢╚ятё╛нДя╖╢Свзй╕п║лЛ╠у╧ьпча╤вЙяп╥ияЮ╩ьоХё╛жусзмЙиффДффуюж╝╢╕ё╛╡╒╧Цн╙аВ╢╚║ё[2;37;0m
[256D[K[36m║╬[1;36mоп[2;37;0m[36mад[1;36m║©[2;37;0m[2;37;0m[1;36m╤╚╥╫йЕйЕ(dfss)н╒п╕╣ьк╣╣юё╨ " ц╩нйлБё║ "[2;37;0m[30m * ok 
[256D[K[35m║╬[2;37;0m[1;35mр╔[2;37;0m[35mят[2;37;0m[1;35m║©[2;37;0m[2;37;0m[1;35mдЁхк(Someone.)ё╨[2;37;0m[1;35mП╣ъгтзмУели╫╩В╟эак╦Вб╥с╒╨юё╛╤А╣цакмюаЗ╠╕╣╤║ё[2;37;0m
[256D[K[36m║╬[1;36mоп[2;37;0m[36mад[1;36m║©[2;37;0m[2;37;0m[1;36m╤╚╥╫╧цдО(dfgn)уЗуЗ╣д©╢ве╤╚╥╫йЕйЕ(dfss)ё╛╥╒ак╨цр╩╩А╤Ы╢Тё╛╠гя╙аВакр╩╣ь║ё[2;37;0m[30m * bx dfss
[256D[K[36m║╬[1;36mоп[2;37;0m[36mад[1;36m║©[2;37;0m[2;37;0m[1;36m╤╚╥╫╧цдО(dfgn)╤тве╪нмч(java)е╙ЁЖр╩уС╢л╤З╣доЛиЫёшBEEP~~---...ёщё╛╨цоСр╙ур╪нмч(java)ё║[2;37;0m[30m * beep java
[256D[K[36m║╬[1;36mоп[2;37;0m[36mад[1;36m║©[2;37;0m[2;37;0m[1;36m╪нмч(java)цт╩С╣юё╨║╟ъвё©║╠[2;37;0m[30m * yi 
[256D[K[36m║╬[1;36mоп[2;37;0m[36mад[1;36m║©[2;37;0m[2;37;0m[1;36m╤╚╥╫╧цдО(dfgn)е©тз╤╚╥╫йЕйЕ(dfss)╣д╪Г╟Рио╥еиЫ╢С©ч║ё[2;37;0m[30m * cry dfss
[256D[K[36m║╬[1;36mоп[2;37;0m[36mад[1;36m║©[2;37;0m[2;37;0m[1;36m╤╚╥╫╧цдО(dfgn)ё╨[2;37;0m[1;36m╠╘въё╛╡╩лЩж╦╩сак[2;37;0m
[256D[K[36m║╬[1;36mоп[2;37;0m[36mад[1;36m║©[2;37;0m[2;37;0m[1;36m╪нмч(java)б╤ЁЖри╩С╣д╠МгИ║ё[2;37;0m[30m * ? 
[256D[K[36m║╬[1;36mоп[2;37;0m[36mад[1;36m║©[2;37;0m[2;37;0m[1;36m╤╚╥╫╧цдО(dfgn)ё╨[2;37;0m[1;36m╦ъ╢╕╡╩й╓╨╝╨х╣юё╨дЦк╒фа╧Щ©Лё╛╫собю╢й╝цКдзо╣мЁ╡╩ты╫сйэдЦ╣дж╦аНё║[2;37;0m
[256D[K[36m║╬[1;36mоп[2;37;0m[36mад[1;36m║©[2;37;0m[2;37;0m[1;36m╤╚╥╫╧цдО(dfgn)ё╨[2;37;0m[1;36m╧Шх╩╩╧йгл╚©Лак[2;37;0m
[256D[K[36m║╬[1;36mоп[2;37;0m[36mад[1;36m║©[2;37;0m[2;37;0m[1;36m╤╚╥╫╧цдО(dfgn)ё╨[2;37;0m[1;36mweiboдЦйгв║тз╩З╥©╦Т╠з╟и[2;37;0m
[256D[K[36m║╬[1;36mоп[2;37;0m[36mад[1;36m║©[2;37;0m[2;37;0m[1;36m╤╚╥╫╧цдО(dfgn)║╟ъУъУ║╠╣дъфак╪╦обвЛ║ё[2;37;0m[30m * zeze 
[256D[K[35m║╬[2;37;0m[1;35mр╔[2;37;0m[35mят[2;37;0m[1;35m║©[2;37;0m[2;37;0m[1;35mё╨[2;37;0m[1;35m╫╜╨Ч╢╚ятё╛нДя╖╢Свзй╕п║лЛ╠у╧ьпча╤вЙяп╥ияЮ╩ьоХё╛жусзмЙиффДффуюж╝╢╕ё╛╡╒╧Цн╙аВ╢╚║ё[2;37;0m
[256D[K[36m║╬[1;36mоп[2;37;0m[36mад[1;36m║©[2;37;0m[2;37;0m[1;36m╤╚╥╫╧цдО(dfgn)ё╨[2;37;0m[1;36m╡╩╢М╡╩╢Мё╛уЩЁёак[2;37;0m
[256D[K[36m║╬[1;36mоп[2;37;0m[36mад[1;36m║©[2;37;0m[2;37;0m[1;36m╤╚╥╫╧цдО(dfgn)ё╨[2;37;0m[1;36m╦и╣ц╨ц[2;37;0m
[256D[K[36m║╬[1;36mоп[2;37;0m[36mад[1;36m║©[2;37;0m[2;37;0m[1;36m╤╚╥╫╧цдО(dfgn)к╚йж╠╖х╜ё╛лж╨ц╣ь╤т╪нмч(java)к╣╣юё╨║╟нр╤т╪нмч(java)╣д╬╟яЖж╝гИё╛спхГлоло╫╜к╝а╛цЮ╡╩╬Ь║ё║╠[2;37;0m[30m * admire java
[256D[K[36m║╬[1;36mоп[2;37;0m[36mад[1;36m║©[2;37;0m[2;37;0m[1;36m╪нмч(java)ё╨[2;37;0m[1;36m╩З╥©╬мтз╠ъио[2;37;0m
[256D[K[36m║╬[1;36mоп[2;37;0m[36mад[1;36m║©[2;37;0m[2;37;0m[1;36m╤╚╥╫╧цдО(dfgn)ё╨[2;37;0m[1;36m╧Шх╩[2;37;0m
[256D[K[36m║╬[1;36mоп[2;37;0m[36mад[1;36m║©[2;37;0m[2;37;0m[1;36m╤╚╥╫╧цдО(dfgn)ё╨[2;37;0m[1;36mдЦдгйгдФлЛ╣да╛╫скы╤х[2;37;0m
[256D[K[36m║╬[1;36mоп[2;37;0m[36mад[1;36m║©[2;37;0m[2;37;0m[1;36m╧э╪р(guanjia)ё╨[2;37;0m[1;36mжВр╙йг ╩З╥©л╚ЁЁак..кЫртм╗╧Щ╥ЧнЯфВ╣дт╤Ёла╛╫с╡ывВ[2;37;0m
[256D[K[36m║╬[1;36mоп[2;37;0m[36mад[1;36m║©[2;37;0m[2;37;0m[1;36m╤╚╥╫╧цдО(dfgn)ё╨[2;37;0m[1;36m╦Ьdfss╣╔╤ю╢Ф╦Жнд╪Ч╟иё╛об╢нж╠╫сloadё╛╡╩сцты╦дак[2;37;0m
[256D[K[36m║╬[1;36mоп[2;37;0m[36mад[1;36m║©[2;37;0m[2;37;0m[1;36m╧э╪р(guanjia)ё╨[2;37;0m[1;36mdfss ╨мkeen сц╣др╩╦Жнд╪Ч..ж╩╡╩╧Щ╩ЗфВкю╩Зак..ж╝г╟ц╩сп╠ё╢Ф[2;37;0m
[256D[K[36m║╬[1;36mоп[2;37;0m[36mад[1;36m║©[2;37;0m[2;37;0m[1;36m╧э╪р(guanjia)ё╨[2;37;0m[1;36mdfss ╨мkeen ╤╪йге╥яТ╣д[2;37;0m
[256D[K[36m║╬[1;36mоп[2;37;0m[36mад[1;36m║©[2;37;0m[2;37;0m[1;36m╤╚╥╫╧цдО(dfgn)ё╨[2;37;0m[1;36mе╤[2;37;0m
[256D[K[36m║╬[1;36mоп[2;37;0m[36mад[1;36m║©[2;37;0m[2;37;0m[1;36m╧э╪р(guanjia)ё╨[2;37;0m[1;36mк╜ж╙╣ю╩Акю╩З╟║..нрфДкЭ╩ЗфВио╣д╩ЗфВхкеэак ╟К╦Жтбакц╩спнйлБ..[2;37;0m
[256D[K[36m║╬[1;36mоп[2;37;0m[36mад[1;36m║©[2;37;0m[2;37;0m[1;36m╧э╪р(guanjia)ё╨[2;37;0m[1;36mдЦ╟я set brief 3 ╢Р©╙..р╩╤яю╛╩Ьпео╒..т╤Ёл╣дй╠╨РцЭаН╬мясй╠ак..[2;37;0m
[256D[K[36m║╬[1;36mоп[2;37;0m[36mад[1;36m║©[2;37;0m[2;37;0m[1;36m╧э╪р(guanjia)ё╨[2;37;0m[1;36mЕпрё╣дjiali 1 ╨мjiali max нЭдза╕п╖╧Шдд╦Ж╦Э╨ц[2;37;0m
[256D[K[36m║╬[1;36mоп[2;37;0m[36mад[1;36m║©[2;37;0m[2;37;0m[1;36m╤╚╥╫╧цдО(dfgn)║╦Юе║╧╣др╩иЫё╛р╩╦╠сШятсжж╧╣дяЫвс║ё[2;37;0m[30m * hmm 
[256D[K[35m║╬[2;37;0m[1;35mр╔[2;37;0m[35mят[2;37;0m[1;35m║©[2;37;0m[2;37;0m[1;35mлЩк╣╠╠╨ёзьаЗ[1;35mтзхк╪Д╥╢й║втпбё╛сЖиБцБ╥╣╩ьлЛ╫Г║ё[2;37;0m[2;37;0m
[256D[K[36m║╬[1;36mоп[2;37;0m[36mад[1;36m║©[2;37;0m[2;37;0m[1;36m╤╚╥╫╧цдО(dfgn)и╚цтцт╣д╤╒ве╠╠д╝(mmww)ё╛лувМ╣ь╣миЫЁ╙╣юё╛║╟р╩я╫цЧё╛цЧ╣╫╫Ц╫Ц╣дм╥╥╒╠ъ║╜║╜║╠║ё[2;37;0m[30m * 18mo mmww
[256D[K[35m║╬[2;37;0m[1;35mр╔[2;37;0m[35mят[2;37;0m[1;35m║©[2;37;0m[2;37;0m[1;35mё╨[2;37;0m[1;35m╫╜╨Ч╢╚ятё╛нДя╖╢Свзй╕п║лЛ╠у╧ьпча╤вЙяп╥ияЮ╩ьоХё╛жусзмЙиффДффуюж╝╢╕ё╛╡╒╧Цн╙аВ╢╚║ё[2;37;0m
[256D[K[36m║╬[1;36mоп[2;37;0m[36mад[1;36m║©[2;37;0m[2;37;0m[1;36m╧э╪р(guanjia)ё╨[2;37;0m[1;36mк╜спдза╕лв..╫Хсц╫Хсц╟║[2;37;0m
[256D[K[36m║╬[1;36mоп[2;37;0m[36mад[1;36m║©[2;37;0m[2;37;0m[1;36m╪нмч(java)ё╨[2;37;0m[1;36mк╜спдза╕лв╫Хр╩об╟║[2;37;0m
[256D[K[35m║╬[2;37;0m[1;35mр╔[2;37;0m[35mят[2;37;0m[1;35m║©[2;37;0m[2;37;0m[1;35mхннЯ╬╚аИё╨[2;37;0m[1;35mлЩк╣╪нмчря╬╜©╙й╪╢Ё╣╢╫╜╨Ч║ё[2;37;0m
[256D[K[35m║╬[2;37;0m[1;35mр╔[2;37;0m[35mят[2;37;0m[1;35m║©[2;37;0m[2;37;0m[1;35mё╨[2;37;0m[1;35m╫╜╨Ч╢╚ятё╛нДя╖╢Свзй╕п║лЛ╠у╧ьпча╤вЙяп╥ияЮ╩ьоХё╛жусзмЙиффДффуюж╝╢╕ё╛╡╒╧Цн╙аВ╢╚║ё[2;37;0m
[256D[K[36m║╬[1;36mоп[2;37;0m[36mад[1;36m║©[2;37;0m[2;37;0m[1;36m╨фх╩(ian)ё╨[2;37;0m[1;36mкщт╢╨Ч╤╢лЛ©иртц©пдлЬа╥о╟11000╢нртио[2;37;0m
[256D[K[36m║╬[1;36mоп[2;37;0m[36mад[1;36m║©[2;37;0m[2;37;0m[1;36m╨фх╩(ian)иНиНв╒йсжЬю╤лЛ║ё[2;37;0m[30m * stare 
[256D[K[36m║╬[1;36mоп[2;37;0m[36mад[1;36m║©[2;37;0m[2;37;0m[1;36m╧э╪р(guanjia)║╦╟╕║╧╣др╩иЫл╬ак©зфЬ║ё[2;37;0m[30m * sigh 
[256D[K[35m║╬[2;37;0m[1;35mр╔[2;37;0m[35mят[2;37;0m[1;35m║©[2;37;0m[2;37;0m[1;35mё╨[2;37;0m[1;35m╫╜╨Ч╢╚ятё╛нДя╖╢Свзй╕п║лЛ╠у╧ьпча╤вЙяп╥ияЮ╩ьоХё╛жусзмЙиффДффуюж╝╢╕ё╛╡╒╧Цн╙аВ╢╚║ё[2;37;0m
[36m║╬[1;36mоп[2;37;0m[36mад[1;36m║©[2;37;0m[2;37;0m[1;36m╤╚╥╫╧цдО(dfgn)ё╨[2;37;0m[1;36mдЦдгйгдФлЛ╣да╛╫скы╤х[2;37;0m
[2;37;0m[2;37;0m[256D[K[36m║╬[1;36mоп[2;37;0m[36mад[1;36m║©[2;37;0m[2;37;0m[1;36m[1;36mяНп║п╟(yang xiaoxie)м╩х╩рт╥гЁё╩ЗЁ╣╣двкйф╥гЁё╩ЗЁ╣╣д╤тжЬ[1;36mнА╧Чюобр[1;36m([1;36mlaoluan[1;36m)[1;36m╢СиЫп╕жЬ║╨мш╧Ч╧Ч ~~~║╩║ё
[2;37;0m[2;37;0m[256D[K[36m║╬[1;36mоп[2;37;0m[36mад[1;36m║©[2;37;0m[2;37;0m[1;36m[1;36mп║╤║(xiao ding)язжЬвЛЁтЁт╣ь╤т[1;36mнА╧Чюобр[1;36m([1;36mlaoluan[1;36m)[1;36mп╕жЬ║ё
[2;37;0m[2;37;0m[256D[K[36m║╬[1;36mоп[2;37;0m[36mад[1;36m║©[2;37;0m[2;37;0m[1;36m[1;36mяНп║п╟(yang xiaoxie)╤тп║╤║(xiao ding)╣црБ╣двВЁЖй╓юШ╣дйжйфё║ё║ ║╦ V ║╧ к╣ё╨║╦ [1;36m╤Чй╝хЩмРхЩг╖аЦхЩй╝[1;36mа╫╩ф╫П...║╧
[2;37;0m[2;37;0m[256D[K[36m║╬[1;36mоп[2;37;0m[36mад[1;36m║©[2;37;0m[2;37;0m[1;36m[1;36mп║╤║(xiao ding)тзяНп║п╟(yang xiaoxie)╣д╤Нм╥иогАгА╣ьнгакр╩об... 
[256D[K[36m║╬[1;36mоп[2;37;0m[36mад[1;36m║©[2;37;0m[2;37;0m[1;36mнА╧Чюобр(laoluan)╨эиЗфЬ╣ьоР©ужппИлър╩╫её║[2;37;0m[30m * kick 
[256D[K[36m║╬[1;36mоп[2;37;0m[36mад[1;36m║©[2;37;0m[2;37;0m[1;36m╠╠д╝(mmww)ё╨[2;37;0m[1;36mя╖╦ЖнД╧╕╤╪р╙╧р╩З║ё║ёдя╣юуБйг ╧р╩З7 ?[2;37;0m
[256D[K[36m║╬[1;36mоп[2;37;0m[36mад[1;36m║©[2;37;0m[2;37;0m[1;36m╤╚╥╫╧цдО(dfgn)ё╨[2;37;0m[1;36mдЦжусзцВ╟вак[2;37;0m
[256D[K[36m║╬[1;36mоп[2;37;0m[36mад[1;36m║©[2;37;0m[2;37;0m[1;36m╠╠д╝(mmww)║╦╟╕║╧╣др╩иЫл╬ак©зфЬ║ё[2;37;0m[30m * sigh 
[256D[K[36m║╬[1;36mоп[2;37;0m[36mад[1;36m║©[2;37;0m[2;37;0m[1;36m╠╠д╝(mmww)ё╨[2;37;0m[1;36mouyang сцй╡ц╢нД╧╕╢Р╧жё©[2;37;0m
[256D[K[36m║╬[1;36mоп[2;37;0m[36mад[1;36m║©[2;37;0m[2;37;0m[1;36m╤╚╥╫╧цдО(dfgn)ё╨[2;37;0m[1;36mдЦ╩А╥╒ож╢С╡©╥жй╠╪Д╡╩йг╧р╩Зя╖нД╧╕[2;37;0m
[256D[K[36m║╬[1;36mоп[2;37;0m[36mад[1;36m║©[2;37;0m[2;37;0m[1;36mцниЯ╩З(shenji)ё╨[2;37;0m[1;36m╦РС║╧╕╟и[2;37;0m
[2;37;0m[2;37;0m[256D[K[36m║╬[1;36mоп[2;37;0m[36mад[1;36m║©[2;37;0m[2;37;0m[1;36m[1;36mяНп║п╟(yang xiaoxie)м╩х╩рт╥гЁё╩ЗЁ╣╣двкйф╥гЁё╩ЗЁ╣╣д╤тжЬ[1;36m╤ид╕[1;36m([1;36mslaa[1;36m)[1;36m╢СиЫп╕жЬ║╨мш╧Ч╧Ч ~~~║╩║ё
[2;37;0m[2;37;0m[256D[K[36m║╬[1;36mоп[2;37;0m[36mад[1;36m║©[2;37;0m[2;37;0m[1;36m[1;36mп║╤║(xiao ding)язжЬвЛЁтЁт╣ь╤т[1;36m╤ид╕[1;36m([1;36mslaa[1;36m)[1;36mп╕жЬ║ё
[2;37;0m[2;37;0m[256D[K[36m║╬[1;36mоп[2;37;0m[36mад[1;36m║©[2;37;0m[2;37;0m[1;36m[1;36mяНп║п╟(yang xiaoxie)╤тп║╤║(xiao ding)╣црБ╣двВЁЖй╓юШ╣дйжйфё║ё║ ║╦ V ║╧ к╣ё╨║╦ [1;36m╤Чй╝кдмРр╩г╖кд╟ынЕй╝[1;36mа╫╩ф╫П...║╧
[2;37;0m[2;37;0m[256D[K[36m║╬[1;36mоп[2;37;0m[36mад[1;36m║©[2;37;0m[2;37;0m[1;36m[1;36mп║╤║(xiao ding)тзяНп║п╟(yang xiaoxie)╣д╤Нм╥иогАгА╣ьнгакр╩об... 
[256D[K[36m║╬[1;36mоп[2;37;0m[36mад[1;36m║©[2;37;0m[2;37;0m[1;36m╤╚╥╫╧цдО(dfgn)ё╨[2;37;0m[1;36m╧рkw 80%, яп╬© 15%, task ╨мboss5%[2;37;0m
[256D[K[36m║╬[1;36mоп[2;37;0m[36mад[1;36m║©[2;37;0m[2;37;0m[1;36mв╗сцяехк(emsz)ё╨[2;37;0m[1;36mнрвРлЛ╢Р╣╫25╡Ц[2;37;0m
[256D[K[36m║╬[1;36mоп[2;37;0m[36mад[1;36m║©[2;37;0m[2;37;0m[1;36mлфИ╙(tang nan)ё╨[2;37;0m[1;36m╫Эху╣ц╣╫ё╨[1;32mнД╧╕цьСе[2;37;0m║╒[1;31mф╫нВ╢С╫╚╬Эс║[2;37;0m║╒[1;37m╤л╠Зк╚Й╙[2;37;0m║╒[1;31mрУяТ╨о╩╤и╒[2;37;0m║╒[1;37mци╨╧р╘[2;37;0m║╒[1;32mтфаЗпд╥╗[2;37;0m║╒[1;33m╩фдз©Ц[2;37;0m║╒[1;37m╢СяЮсЯГТ[2;37;0m[1;36m╨м[2;37;0m[36m©ию╪╬╜[2;37;0m[1;36mё╛╡╩ж╙ддн╩╫╜╨ЧеСсяпХр╙║ё[2;37;0m[2;37;0m
[256D[K[36m║╬[1;36mоп[2;37;0m[36mад[1;36m║©[2;37;0m[2;37;0m[1;36m╠╠д╝(mmww)ё╨[2;37;0m[1;36mнвй╕тУц╢оК╣д║ё╩╧╢СйЩ╬щтккЦ║ё║ё╟якЫспйЩвж╤ЁЩрт100, р╙ц╚╣д╢СйЩ╬щ║ё©╢ве╤╪яш╩╗[2;37;0m
[256D[K[36m║╬[1;36mоп[2;37;0m[36mад[1;36m║©[2;37;0m[2;37;0m[1;36mв╗сцяехк(emsz)ё╨[2;37;0m[1;36m╤тцК,╤╪р╩еЖкю[2;37;0m
[256D[K[36m║╬[1;36mоп[2;37;0m[36mад[1;36m║©[2;37;0m[2;37;0m[1;36m╠╠д╝(mmww)ё╨[2;37;0m[1;36mfy2005 р╡╠╩╦д╣ц╤Япдакё╛╪схКакnt4,╦Ц╣цяожь╡╩ф╫╨Б║ё[2;37;0m
[256D[K[35m║╬[2;37;0m[1;35mр╔[2;37;0m[35mят[2;37;0m[1;35m║©[2;37;0m[2;37;0m[1;35mё╨[2;37;0m[1;35m╫╜╨Ч╢╚ятё╛нДя╖╢Свзй╕п║лЛ╠у╧ьпча╤вЙяп╥ияЮ╩ьоХё╛жусзмЙиффДффуюж╝╢╕ё╛╡╒╧Цн╙аВ╢╚║ё[2;37;0m
[256D[K[36m║╬[1;36mоп[2;37;0m[36mад[1;36m║©[2;37;0m[2;37;0m[1;36m╠╠д╝(mmww)ё╨[2;37;0m[1;36mи╠╧ж╡╩сц╫╡╬©╪╪гиё╛╠ххГохbusy тыpfm, х╩╨Сbusy╤Юак╩╧╩АцБръж╝юЮ╣дё©[2;37;0m
[256D[K[36m║╬[1;36mоп[2;37;0m[36mад[1;36m║©[2;37;0m[2;37;0m[1;36m╤илЛ(dutian)ё╨[2;37;0m[1;36mуБюО╤╪йгcall die╨Аппё╛и╠╧ж╤╪йгцК[2;37;0m
[256D[K[36m║╬[1;36mоп[2;37;0m[36mад[1;36m║©[2;37;0m[2;37;0m[1;36m╠╠д╝(mmww)ё╨[2;37;0m[1;36mтн║ё╤╪йгцК╧ж╩╧спй╡ц╢южх╓ё©[2;37;0m
[256D[K[36m║╬[1;36mоп[2;37;0m[36mад[1;36m║©[2;37;0m[2;37;0m[1;36mв╗сцяехк(emsz)ё╨[2;37;0m[1;36mbossцК╡╩ак[2;37;0m
[256D[K[36m║╬[1;36mоп[2;37;0m[36mад[1;36m║©[2;37;0m[2;37;0m[1;36m╠╠д╝(mmww)ё╨[2;37;0m[1;36mfy2005 ╣дь╓╟О╢Р╧╥╧Вё╛╩╧р╙©╢╤т╥╫╥╢с╕ЁЖуп║ём╛╪╤╧ж╡╩©идэ╠╩цК║ё[2;37;0m
[256D[K[36m║╬[1;36mоп[2;37;0m[36mад[1;36m║©[2;37;0m[2;37;0m[1;36m╤илЛ(dutian)║╦╟╕║╧╣др╩иЫл╬ак©зфЬ║ё[2;37;0m[30m * sigh 
[256D[K[36m║╬[1;36mоп[2;37;0m[36mад[1;36m║©[2;37;0m[2;37;0m[1;36m╤илЛ(dutian)ё╨[2;37;0m[1;36mуБюО╧жл╚юВ╨╕ё╛дЦцК╡╩╣Т╠Пхк╬мйг╠╩╥╢и╠[2;37;0m
[256D[K[36m║╬[1;36mоп[2;37;0m[36mад[1;36m║©[2;37;0m[2;37;0m[1;36m╠╠д╝(mmww)ё╨[2;37;0m[1;36mкюмЖЁм╥ёйг 10%╬╜яИё©[2;37;0m
[256D[K[36m║╬[1;36mоп[2;37;0m[36mад[1;36m║©[2;37;0m[2;37;0m[1;36mаИпэ(ruby)╨эххгИ╣ь╤т╢С╪р╢Руп╨Т║ё[2;37;0m[30m * hi 
[256D[K[36m║╬[1;36mоп[2;37;0m[36mад[1;36m║©[2;37;0m[2;37;0m[1;36m╠╠д╝(mmww)╨эххгИ╣ь╤таИпэ(ruby)╢Руп╨Т║ё[2;37;0m[30m * hi ruby
[256D[K[36m║╬[1;36mоп[2;37;0m[36mад[1;36m║©[2;37;0m[2;37;0m[1;36m╠╠д╝(mmww)йжюОдцуБр╩╦Ж╢Сю╝╟хё╛яш╨╛ххюА╣д╤таИпэ(ruby)╦ъ╨Т╣╫ё╨║╟оГгвцгё╛╟я╦ъа╩╢С╤╧╤╪дцЁЖю╢ё╛аИпэ(ruby)ю╢акё╛╩╤с╜ё║╩╤с╜...ё║ё║[2;37;0m[30m * welcome ruby
[256D[K[36m║╬[1;36mоп[2;37;0m[36mад[1;36m║©[2;37;0m[2;37;0m[1;36mаИпэ(ruby)сД©Л╣ьн╒п╕жЬ║ё[2;37;0m[30m * smile 
[256D[K[36m║╬[1;36mоп[2;37;0m[36mад[1;36m║©[2;37;0m[2;37;0m[1;36mбю╤╢╠Ж(ldb)╨эххгИ╣ь╤т╢С╪р╢Руп╨Т║ё[2;37;0m[30m * hi 
[256D[K[36m║╬[1;36mоп[2;37;0m[36mад[1;36m║©[2;37;0m[2;37;0m[1;36mбю╤╢╠Ж(ldb)ё╨[2;37;0m[1;36mтУц╢м0║[2;37;0m
[256D[K[36m║╬[1;36mоп[2;37;0m[36mад[1;36m║©[2;37;0m[2;37;0m[1;36mбю╤╢╠Ж(ldb)ё╨[2;37;0m[1;36mтУц╢мФ╟║[2;37;0m
[256D[K[36m║╬[1;36mоп[2;37;0m[36mад[1;36m║©[2;37;0m[2;37;0m[1;36mаИпэ(ruby)ё╨[2;37;0m[1;36mсппдхкпХр╙goldбП[2;37;0m
[256D[K[36m║╬[1;36mоп[2;37;0m[36mад[1;36m║©[2;37;0m[2;37;0m[1;36mбю╤╢╠Ж(ldb)ё╨[2;37;0m[1;36mhehe[2;37;0m
[256D[K[36m║╬[1;36mоп[2;37;0m[36mад[1;36m║©[2;37;0m[2;37;0m[1;36mбю╤╢╠Ж(ldb)ё╨[2;37;0m[1;36mтУц╢мФ╟║[2;37;0m
[256D[K[36m║╬[1;36mоп[2;37;0m[36mад[1;36m║©[2;37;0m[2;37;0m[1;36mбю╤╢╠Ж(ldb)ё╨[2;37;0m[1;36mтУц╢м0║[2;37;0m
[256D[K[36m║╬[1;36mоп[2;37;0m[36mад[1;36m║©[2;37;0m[2;37;0m[1;36mв╗сцяехк(emsz)╨эххгИ╣ь╤т╢С╪р╢Руп╨Т║ё[2;37;0m[30m * hi 
[256D[K[36m║╬[1;36mоп[2;37;0m[36mад[1;36m║©[2;37;0m[2;37;0m[1;36mв╗сцяехк(emsz)ё╨[2;37;0m[1;36mнрспр╩а╠сдцн[2;37;0m
[256D[K[36m║╬[1;36mоп[2;37;0m[36mад[1;36m║©[2;37;0m[2;37;0m[1;36mбю╤╢╠Ж(ldb)ё╨[2;37;0m[1;36mуБц╢╦╢тсё╛тУц╢©╙й╪╟║[2;37;0m
[256D[K[35m║╬[2;37;0m[1;35mр╔[2;37;0m[35mят[2;37;0m[1;35m║©[2;37;0m[2;37;0m[1;35mё╨[2;37;0m[1;35m╫╜╨Ч╢╚ятё╛нДя╖╢Свзй╕п║лЛ╠у╧ьпча╤вЙяп╥ияЮ╩ьоХё╛жусзмЙиффДффуюж╝╢╕ё╛╡╒╧Цн╙аВ╢╚║ё[2;37;0m
[256D[K[36m║╬[1;36mоп[2;37;0m[36mад[1;36m║©[2;37;0m[2;37;0m[1;36m[1;36mяНп║п╟(yang xiaoxie)к╚х╜р╩╠╖ё╛╦ъиЫ╤т[1;36mтАпд(zang)[1;36mк╣╣юё╨║╟╧╖о╡ё║╧╖о╡ё║
[256D[K[36m║╬[1;36mоп[2;37;0m[36mад[1;36m║©[2;37;0m[2;37;0m[1;36m[1;36mяНп║п╟(yang xiaoxie)к╚х╜р╩╠╖ё╛╦ъиЫ╤т[1;36m©Ям╫(xxa)[1;36mк╣╣юё╨║╟╧╖о╡ё║╧╖о╡ё║
[256D[K[36m║╬[1;36mоп[2;37;0m[36mад[1;36m║©[2;37;0m[2;37;0m[1;36mлфИ╙(tang nan)ё╨[2;37;0m[1;36m╫Эху╣ц╣╫ё╨[1;31m©Ш╩╗╠╕╣Д[2;37;0m║╒[35mг╛ю╓╢Э[2;37;0m║╒[1;31m╩КлЛ╠╕╪Ь[2;37;0m║╒[1;37mгЕцВио╨см╪[2;37;0m║╒[1;37mци╨╧р╘[2;37;0m║╒[1;33m╢С╨╨╫Удр[2;37;0m║╒[1;31mиЦпд╬В[2;37;0m║╒[35mяк╣╤[2;37;0m[1;36m╨м[2;37;0m[33mр╩╢И╫Пц╚[2;37;0m[1;36mё╛╡╩ж╙ддн╩╫╜╨ЧеСсяпХр╙║ё[2;37;0m[2;37;0m
[256D[K[35m║╬[2;37;0m[1;35mр╔[2;37;0m[35mят[2;37;0m[1;35m║©[2;37;0m[2;37;0m[1;35mё╨[2;37;0m[1;35m╫╜╨Ч╢╚ятё╛нДя╖╢Свзй╕п║лЛ╠у╧ьпча╤вЙяп╥ияЮ╩ьоХё╛жусзмЙиффДффуюж╝╢╕ё╛╡╒╧Цн╙аВ╢╚║ё[2;37;0m
[256D[K[36m║╬[1;36mоп[2;37;0m[36mад[1;36m║©[2;37;0m[2;37;0m[1;36m╧э╪р(guanjia)ё╨[2;37;0m[1;36mрплЛ мюаЗ тзк╜йжио╟║..╫Хсцр╩╩А[2;37;0m
[256D[K[36m║╬[1;36mоп[2;37;0m[36mад[1;36m║©[2;37;0m[2;37;0m[1;36mбю╤╢╠Ж(ldb)ё╨[2;37;0m[1;36m╡╩ж╙╣ю[2;37;0m
[256D[K[36m║╬[1;36mоп[2;37;0m[36mад[1;36m║©[2;37;0m[2;37;0m[1;36mбю╤╢╠Ж(ldb)ё╨[2;37;0m[1;36m╡╩ж╙╣ю[2;37;0m
[256D[K[36m║╬[1;36mоп[2;37;0m[36mад[1;36m║©[2;37;0m[2;37;0m[1;36mбю╤╢╠Ж(ldb)©╢фПю╢╠МгИ╥А╦╩║ё[2;37;0m
[256D[K[36m║╬[1;36mоп[2;37;0m[36mад[1;36m║©[2;37;0m[2;37;0m[1;36mбю╤╢╠Ж(ldb)©╢фПю╢╠МгИ╥А╦╩║ё[2;37;0m
[256D[K[36m║╬[1;36mоп[2;37;0m[36mад[1;36m║©[2;37;0m[2;37;0m[1;36mбю╤╢╠Ж(ldb)║╦╨г╨г╨г...║╧╣ьи╣п╕ве[2;37;0m[30m * hehe 
[256D[K[36m║╬[1;36mоп[2;37;0m[36mад[1;36m║©[2;37;0m[2;37;0m[1;36mбю╤╢╠Ж(ldb)ё╨[2;37;0m[1;36mйэикакё╛тУц╢жниооч[2;37;0m
[256D[K[36m║╬[1;36mоп[2;37;0m[36mад[1;36m║©[2;37;0m[2;37;0m[1;36m╨мип(koasi)ё╨[2;37;0m[1;36mпбхк©иртурдоом╩ж╦╢[2;37;0m
[256D[K[36m║╬[1;36mоп[2;37;0m[36mад[1;36m║©[2;37;0m[2;37;0m[1;36mбю╤╢╠Ж(ldb)ё╨[2;37;0m[1;36mдоомтздд╣д[2;37;0m
[256D[K[36m║╬[1;36mоп[2;37;0m[36mад[1;36m║©[2;37;0m[2;37;0m[1;36m╨мип(koasi)ё╨[2;37;0m[1;36m...[2;37;0m
[256D[K[36m║╬[1;36mоп[2;37;0m[36mад[1;36m║©[2;37;0m[2;37;0m[1;36m╨мип(koasi)ё╨[2;37;0m[1;36mнДцМ[2;37;0m
[256D[K[36m║╬[1;36mоп[2;37;0m[36mад[1;36m║©[2;37;0m[2;37;0m[1;36mбю╤╢╠Ж(ldb)thank kaosi[2;37;0m
[256D[K[36m║╬[1;36mоп[2;37;0m[36mад[1;36m║©[2;37;0m[2;37;0m[1;36mбю╤╢╠Ж(ldb)ё╨[2;37;0m[1;36m╡╩ж╙╣ю╦ий╡ц╢╟║[2;37;0m
[256D[K[36m║╬[1;36mоп[2;37;0m[36mад[1;36m║©[2;37;0m[2;37;0m[1;36mбю╤╢╠Ж(ldb)©╢фПю╢╠МгИ╥А╦╩║ё[2;37;0m
[256D[K[36m║╬[1;36mоп[2;37;0m[36mад[1;36m║©[2;37;0m[2;37;0m[1;36mбю╤╢╠Ж(ldb)╡╩ж╙╣ю╦ий╡ц╢╟║[2;37;0m
[256D[K[36m║╬[1;36mоп[2;37;0m[36mад[1;36m║©[2;37;0m[2;37;0m[1;36m╧э╪р(guanjia)ё╨[2;37;0m[1;36mhelp start and help start2[2;37;0m
[256D[K[36m║╬[1;36mоп[2;37;0m[36mад[1;36m║©[2;37;0m[2;37;0m[1;36mбю╤╢╠Ж(ldb)н╒п╕╣ьк╣╣юё╨ " ц╩нйлБё║ "[2;37;0m[30m * ok 
[256D[K[36m║╬[1;36mоп[2;37;0m[36mад[1;36m║©[2;37;0m[2;37;0m[1;36m╤╚╥╫╧цдО(dfgn)╨щ╨щ╣ьгцжЬбю╤╢╠Ж(ldb)╣ддт╢Эё╛бю╤╢╠Ж(ldb)╠╩гц╣цдт╢Э╢СакхЩх╕ё╛бЗм╥╢С╟Э║ё[2;37;0m[30m * kok ldb
[256D[K[36m║╬[1;36mоп[2;37;0m[36mад[1;36m║©[2;37;0m[2;37;0m[1;36m╤╚╥╫╧цдО(dfgn)лувМ╣ь╣миЫЁ╙╣юё╛║╟р╩я╫цЧё╛цЧ╣╫╫Ц╫Ц╣дм╥╥╒╠ъ║╜║╜║╠║ё[2;37;0m[30m * 18mo 
[256D[K[36m║╬[1;36mоп[2;37;0m[36mад[1;36m║©[2;37;0m[2;37;0m[1;36m╨мип(koasi)╨щ╨щ╣ьгцжЬ╤╚╥╫╧цдО(dfgn)╣д╡╩р╙брцЧё╛╤╚╥╫╧цдО(dfgn)╠╩гц╣ц╡╩р╙брцЧ╢СакхЩх╕ё╛х╚йг╢С╟Э║ё[2;37;0m[30m * kok dfgn ╡╩р╙брцЧ
[256D[K[36m║╬[1;36mоп[2;37;0m[36mад[1;36m║©[2;37;0m[2;37;0m[1;36m╨мип(koasi)╨щ╨щ╣ьгцжЬ╤╚╥╫╧цдО(dfgn)╣дяш╬╕ё╛╤╚╥╫╧цдО(dfgn)╠╩гц╣цяш╬╕╢СакхЩх╕ё╛х╚йг╢С╟Э║ё[2;37;0m[30m * kok dfgn яш╬╕
[256D[K[36m║╬[1;36mоп[2;37;0m[36mад[1;36m║©[2;37;0m[2;37;0m[1;36m╤╚╥╫╧цдО(dfgn)ё╨[2;37;0m[1;36mох╟я6╦Жп║й╠╣дк╚╧рkw╟и[2;37;0m
[256D[K[36m║╬[1;36mоп[2;37;0m[36mад[1;36m║©[2;37;0m[2;37;0m[1;36m╤╚╥╫╧цдО(dfgn)у╬тз╨с╠ъё╛дзеёбЗцФ║ё[2;37;0m[30m * river 
[256D[K[36m║╬[1;36mоп[2;37;0m[36mад[1;36m║©[2;37;0m[2;37;0m[1;36m╨мип(koasi)ё╨[2;37;0m[1;36m╟ОдЦ╦дтЛ[2;37;0m
[256D[K[36m║╬[1;36mоп[2;37;0m[36mад[1;36m║©[2;37;0m[2;37;0m[1;36m╨мип(koasi)╣дйж╦ъ╦ъ╬ыфПё╛╣╠жзк╣╣юё╨пь║╚║╚[2;37;0m[30m * kok пь
[256D[K[36m║╬[1;36mоп[2;37;0m[36mад[1;36m║©[2;37;0m[2;37;0m[1;36m╤╚╥╫╧цдО(dfgn)ё╨[2;37;0m[1;36mфДй╣ц©лЛkw+еюкЧс╕╦ц╡╩╢М╣д[2;37;0m
[256D[K[36m║╬[1;36mоп[2;37;0m[36mад[1;36m║©[2;37;0m[2;37;0m[1;36m╨мип(koasi)╨щ╨щ╣ьгцжЬ╤╚╥╫╧цдО(dfgn)╣дпьё╛╤╚╥╫╧цдО(dfgn)╠╩гц╣цпь╢СакхЩх╕ё╛х╚йг╢С╟Э║ё[2;37;0m[30m * kok dfgn пь
[256D[K[36m║╬[1;36mоп[2;37;0m[36mад[1;36m║©[2;37;0m[2;37;0m[1;36m╤╚╥╫╧цдО(dfgn)kao kaosi[2;37;0m
[256D[K[36m║╬[1;36mоп[2;37;0m[36mад[1;36m║©[2;37;0m[2;37;0m[1;36m╤╚╥╫╧цдО(dfgn)ЁЕве╨мип(koasi)╢С╫пр╩иЫё╨нр ё╝ё╝ёкёаёоё╛ёи╥Чакёыёоёу╕Дё║╕Д[2;37;0m[30m * kao koasi
[256D[K[35m║╬[2;37;0m[1;35mр╔[2;37;0m[35mят[2;37;0m[1;35m║©[2;37;0m[2;37;0m[1;35mё╨[2;37;0m[1;35m╫╜╨Ч╢╚ятё╛нДя╖╢Свзй╕п║лЛ╠у╧ьпча╤вЙяп╥ияЮ╩ьоХё╛жусзмЙиффДффуюж╝╢╕ё╛╡╒╧Цн╙аВ╢╚║ё[2;37;0m
[256D[K[36m║╬[1;36mоп[2;37;0m[36mад[1;36m║©[2;37;0m[2;37;0m[1;36m╨мип(koasi)ё╨[2;37;0m[1;36m╨цакё╛дЦожтзх╔хутбгпакё╛╬мйгуФ╧цдОак[2;37;0m
[256D[K[36m║╬[1;36mоп[2;37;0m[36mад[1;36m║©[2;37;0m[2;37;0m[1;36m╤╚╥╫╧цдО(dfgn)ё╨[2;37;0m[1;36m╡╩╧Щнрц╩м╗я╙бЖё╛еюкЧ╧ю╪фр╡ею╡╩ак╪╦╡Ц[2;37;0m
[256D[K[36m║╬[1;36mоп[2;37;0m[36mад[1;36m║©[2;37;0m[2;37;0m[1;36m╤╚╥╫╧цдО(dfgn)ё╨[2;37;0m[1;36mгпакйгл╚╪Ю╨ц╡╩╨ц[2;37;0m
[256D[K[36m║╬[1;36mоп[2;37;0m[36mад[1;36m║©[2;37;0m[2;37;0m[1;36mбю╤╢╠Ж(ldb)ё╨[2;37;0m[1;36mhelp©╢╧Щакё╛п╢╣ц╡╩╢Мё╛╬мйгц╩©╢╤╝[2;37;0m
[256D[K[36m║╬[1;36mоп[2;37;0m[36mад[1;36m║©[2;37;0m[2;37;0m[1;36m╤╚╥╫╧цдО(dfgn)ё╨[2;37;0m[1;36mдЦр╙©╢╤╝и╤[2;37;0m
[256D[K[36m║╬[1;36mоп[2;37;0m[36mад[1;36m║©[2;37;0m[2;37;0m[1;36mбю╤╢╠Ж(ldb)ё╨[2;37;0m[1;36mнр╬моКж╙╣юнрожтз╦ц╦ии╤[2;37;0m
[256D[K[36m║╬[1;36mоп[2;37;0m[36mад[1;36m║©[2;37;0m[2;37;0m[1;36m╨мип(koasi)ё╨[2;37;0m[1;36m╢Мё╛╪сн╠тЛе╝хкё╛╠о╬╧пьспак[2;37;0m
[256D[K[36m║╬[1;36mоп[2;37;0m[36mад[1;36m║©[2;37;0m[2;37;0m[1;36m╨мип(koasi)ё╨[2;37;0m[1;36mя╖skill╟║[2;37;0m
[256D[K[36m║╬[1;36mоп[2;37;0m[36mад[1;36m║©[2;37;0m[2;37;0m[1;36m╤╚╥╫╧цдО(dfgn)ё╨[2;37;0m[1;36mпбйжвЖmygiftр╩ж╠╣╫спг╛ю╓ё╛спбМфО[2;37;0m
[256D[K[36m║╬[1;36mоп[2;37;0m[36mад[1;36m║©[2;37;0m[2;37;0m[1;36mбю╤╢╠Ж(ldb)ё╨[2;37;0m[1;36mиоддвЖ[2;37;0m
[256D[K[36m║╬[1;36mоп[2;37;0m[36mад[1;36m║©[2;37;0m[2;37;0m[1;36m╤╚╥╫╧цдО(dfgn)ё╨[2;37;0m[1;36mх╩╨СЁт╣╓ё╛╫Бцэё╛╟щй╕ё╛и╠╨ё╧Й[2;37;0m
[256D[K[36m║╬[1;36mоп[2;37;0m[36mад[1;36m║©[2;37;0m[2;37;0m[1;36mбю╤╢╠Ж(ldb)ё╨[2;37;0m[1;36mиоддвЖ[2;37;0m
[256D[K[36m║╬[1;36mоп[2;37;0m[36mад[1;36m║©[2;37;0m[2;37;0m[1;36m╤╚╥╫╧цдО(dfgn)ё╨[2;37;0m[1;36m╢РmygiftсплАй╬╟║[2;37;0m
[256D[K[36m║╬[1;36mоп[2;37;0m[36mад[1;36m║©[2;37;0m[2;37;0m[1;36m╨мип(koasi)ё╨[2;37;0m[1;36mвН╨С©иртх╔лТу╫╫лжВё╛╨ы╨ы[2;37;0m
[256D[K[36m║╬[1;36mоп[2;37;0m[36mад[1;36m║©[2;37;0m[2;37;0m[1;36m╤╚╥╫╧цдО(dfgn)ё╨[2;37;0m[1;36m║╬хннЯцШЁф║©ё╨╪схК╟Оеи[2;37;0m
[256D[K[36m║╬[1;36mоп[2;37;0m[36mад[1;36m║©[2;37;0m[2;37;0m[1;36m╤╚╥╫╧цдО(dfgn)ё╨[2;37;0m[1;36mнр╬мвЬ╣╫хК╟О╤Ьря[2;37;0m
[256D[K[36m║╬[1;36mоп[2;37;0m[36mад[1;36m║©[2;37;0m[2;37;0m[1;36mбю╤╢╠Ж(ldb)ё╨[2;37;0m[1;36mok[2;37;0m
[256D[K[36m║╬[1;36mоп[2;37;0m[36mад[1;36m║©[2;37;0m[2;37;0m[1;36m╤╚╥╫╧цдО(dfgn)ё╨[2;37;0m[1;36m╩Ы╠╬ио╟╢ууhelp start2ю╢[2;37;0m
[256D[K[36m║╬[1;36mоп[2;37;0m[36mад[1;36m║©[2;37;0m[2;37;0m[1;36m╨мип(koasi)ё╨[2;37;0m[1;36mвЖ╣╫г╝в╞╬м╠ПвЖакё╛╣х╣╫акя║╨ц╣дцееитз╪лпЬвЖ[2;37;0m
[256D[K[36m║╬[1;36mоп[2;37;0m[36mад[1;36m║©[2;37;0m[2;37;0m[1;36m╤╚╥╫╧цдО(dfgn)╤тжЬлЛ©уюг╨© ... ъонь║╚║╚ ъонь║╚║╚[2;37;0m[30m * howl 
[256D[K[36m║╬[1;36mоп[2;37;0m[36mад[1;36m║©[2;37;0m[2;37;0m[1;36mбю╤╢╠Ж(ldb)н╒п╕╣ьк╣╣юё╨ " ц╩нйлБё║ "[2;37;0m[30m * ok 
[256D[K[36m║╬[1;36mоп[2;37;0m[36mад[1;36m║©[2;37;0m[2;37;0m[1;36m╨мип(koasi)ё╨[2;37;0m[1;36m╫лжВтУц╢╡╩╟яхннЯвЖмЙ╟║[2;37;0m
[256D[K[36m║╬[1;36mоп[2;37;0m[36mад[1;36m║©[2;37;0m[2;37;0m[1;36m╤╚╥╫╧цдО(dfgn)ё╨[2;37;0m[1;36m╡╩ж╙╣ю╪си╤╟Оеи[2;37;0m
[256D[K[36m║╬[1;36mоп[2;37;0m[36mад[1;36m║©[2;37;0m[2;37;0m[1;36m╨мип(koasi)ё╨[2;37;0m[1;36mкФ╠Ц╪ср╩╦Жц╢[2;37;0m
[256D[K[36m║╬[1;36mоп[2;37;0m[36mад[1;36m║©[2;37;0m[2;37;0m[1;36m╤╚╥╫╧цдО(dfgn)ё╨[2;37;0m[1;36mнчкЫн╫ак[2;37;0m
[256D[K[36m║╬[1;36mоп[2;37;0m[36mад[1;36m║©[2;37;0m[2;37;0m[1;36m╤╚╥╫╧цдО(dfgn)ё╨[2;37;0m[1;36m╢М╧Щак╢╨╫з©╙к╚╣д╢С╨цй╠╩Зё╛╡╩х╩ожтзтГт╙иЯак[2;37;0m
[256D[K[36m║╬[1;36mоп[2;37;0m[36mад[1;36m║©[2;37;0m[2;37;0m[1;36m╨мип(koasi)ё╨[2;37;0m[1;36m╫лжВ╩╧сп╤Юиыgold[2;37;0m
[256D[K[36m║╬[1;36mоп[2;37;0m[36mад[1;36m║©[2;37;0m[2;37;0m[1;36m╤╚╥╫╧цдО(dfgn)у╬тз╨с╠ъё╛дзеёбЗцФ║ё[2;37;0m[30m * river 
[256D[K[36m║╬[1;36mоп[2;37;0m[36mад[1;36m║©[2;37;0m[2;37;0m[1;36m╤╚╥╫╧цдО(dfgn)ё╨[2;37;0m[1;36mкЫсп╨е╪сфПю╢50wвСср[2;37;0m
[256D[K[36m║╬[1;36mоп[2;37;0m[36mад[1;36m║©[2;37;0m[2;37;0m[1;36m╨мип(koasi)ё╨[2;37;0m[1;36mнрвРлЛц╩гц╣╫жс╩╧сп10╤ЮWакё╛╠╞╬Г[2;37;0m
[256D[K[36m║╬[1;36mоп[2;37;0m[36mад[1;36m║©[2;37;0m[2;37;0m[1;36m╤╚╥╫╧цдО(dfgn)ё╨[2;37;0m[1;36mр╡╬м╧╩еюр╩╢нкЧ╣дя╨╫П[2;37;0m
[256D[K[36m║╬[1;36mоп[2;37;0m[36mад[1;36m║©[2;37;0m[2;37;0m[1;36m╤╚╥╫╧цдО(dfgn)ё╨[2;37;0m[1;36m3000╪╤╡ееюак52╡Цё╛й╖╟э╟║...[2;37;0m
[256D[K[36m║╬[1;36mоп[2;37;0m[36mад[1;36m║©[2;37;0m[2;37;0m[1;36m╨мип(koasi)ё╨[2;37;0m[1;36m╪ссмё╛нрр╡╬м╣зр╩╡Ц[2;37;0m
[256D[K[36m║╬[1;36mоп[2;37;0m[36mад[1;36m║©[2;37;0m[2;37;0m[1;36m╤╚╥╫╧цдО(dfgn)ё╨[2;37;0m[1;36m╤╪йгкютз╠╩хк╤Ёв║ё╛бЩбЩд╔кю[2;37;0m
[256D[K[36m║╬[1;36mоп[2;37;0m[36mад[1;36m║©[2;37;0m[2;37;0m[1;36m╤╚╥╫╧цдО(dfgn)ё╨[2;37;0m[1;36mкюсЦЁ╧╣в╡╩ю╢ак[2;37;0m
[256D[K[36m║╬[1;36mоп[2;37;0m[36mад[1;36m║©[2;37;0m[2;37;0m[1;36mлфИ╙(tang nan)ё╨[2;37;0m[1;36m╫Эху╣ц╣╫ё╨[1;34mр╧╧Б╠╜[2;37;0m║╒[1;37m╨З╪р╣╤фв[2;37;0m║╒[1;37mаАГГВ╩вс[2;37;0m║╒[35mнДаж╬Ья╖[2;37;0m║╒[37mбЁ╟ЮЁъ[2;37;0m║╒[1;36mвМоиб╔╡кфв[2;37;0m║╒[1;37mл╚╪╚╫ё╬╜[2;37;0m║╒[1;33mнЕоЦ╩╗иЗць╥╫[2;37;0m[1;36m╨м[2;37;0m[1;31m╥╜╠╬╣д╠╬г╝[2;37;0m[1;36mё╛╡╩ж╙ддн╩╫╜╨ЧеСсяпХр╙║ё[2;37;0m[2;37;0m
[256D[K[36m║╬[1;36mоп[2;37;0m[36mад[1;36m║©[2;37;0m[2;37;0m[1;36m╨мип(koasi)ё╨[2;37;0m[1;36m╬щк╣╨эц╕[2;37;0m
[256D[K[35m║╬[2;37;0m[1;35mр╔[2;37;0m[35mят[2;37;0m[1;35m║©[2;37;0m[2;37;0m[1;35mё╨[2;37;0m[1;35m╫╜╨Ч╢╚ятё╛нДя╖╢Свзй╕п║лЛ╠у╧ьпча╤вЙяп╥ияЮ╩ьоХё╛жусзмЙиффДффуюж╝╢╕ё╛╡╒╧Цн╙аВ╢╚║ё[2;37;0m
[256D[K[36m║╬[1;36mоп[2;37;0m[36mад[1;36m║©[2;37;0m[2;37;0m[1;36m╤╚╥╫╧цдО(dfgn)и╚цтцт╣д╤╒ве╤╚╥╫йЕйЕ(dfss)ё╛лувМ╣ь╣миЫЁ╙╣юё╛║╟р╩я╫цЧё╛цЧ╣╫╫Ц╫Ц╣дм╥╥╒╠ъ║╜║╜║╠║ё[2;37;0m[30m * 18mo dfss
[256D[K[36m║╬[1;36mоп[2;37;0m[36mад[1;36m║©[2;37;0m[2;37;0m[1;36m╨мип(koasi)ё╨[2;37;0m[1;36m╩╙и╫ц╡кфр╡р╙upбЗак[2;37;0m
[256D[K[36m║╬[1;36mоп[2;37;0m[36mад[1;36m║©[2;37;0m[2;37;0m[1;36m╤╚╥╫╧цдО(dfgn)╤тжЬлЛ©уюг╨© ... ъонь║╚║╚ ъонь║╚║╚[2;37;0m[30m * howl 
[256D[K[36m║╬[1;36mоп[2;37;0m[36mад[1;36m║©[2;37;0m[2;37;0m[1;36m╤╚╥╫╧цдО(dfgn)╤тжЬлЛ©уюг╨© ... ъонь║╚║╚ ъонь║╚║╚[2;37;0m[30m * howl 
[256D[K[36m║╬[1;36mоп[2;37;0m[36mад[1;36m║©[2;37;0m[2;37;0m[1;36mв╗сцяехк(emsz)ё╨[2;37;0m[1;36mнрспр╩а╠сдцн[2;37;0m
[256D[K[36m║╬[1;36mоп[2;37;0m[36mад[1;36m║©[2;37;0m[2;37;0m[1;36mбю╤╢╠Ж(ldb)ё╨[2;37;0m[1;36mхннЯвЖ╣╫г╝в╞акё╛обц<лпЬбП[2;37;0m
[256D[K[36m║╬[1;36mоп[2;37;0m[36mад[1;36m║©[2;37;0m[2;37;0m[1;36mбю╤╢╠Ж(ldb)ё╨[2;37;0m[1;36mхннЯвЖ╣╫г╝в╞акё╛обц<лпЬбП[2;37;0m
[256D[K[36m║╬[1;36mоп[2;37;0m[36mад[1;36m║©[2;37;0m[2;37;0m[1;36mбю╤╢╠Ж(ldb)ё╨[2;37;0m[1;36mхннЯвЖ╣╫г╝в╞акё╛обцФ╪лпЬбП[2;37;0m
[256D[K[36m║╬[1;36mоп[2;37;0m[36mад[1;36m║©[2;37;0m[2;37;0m[1;36m╤╚╥╫╧цдО(dfgn)ё╨[2;37;0m[1;36m╪сцееи╧╠ов╣д╬ммё[2;37;0m
[256D[K[36m║╬[1;36mоп[2;37;0m[36mад[1;36m║©[2;37;0m[2;37;0m[1;36mбю╤╢╠Ж(ldb)ё╨[2;37;0m[1;36m╨цак[2;37;0m
[256D[K[36m║╬[1;36mоп[2;37;0m[36mад[1;36m║©[2;37;0m[2;37;0m[1;36m╤╚╥╫╧цдО(dfgn)ё╨[2;37;0m[1;36m╢╘вё╦ёлвв╟ё╛Ёт╣╓[2;37;0m
[256D[K[36m║╬[1;36mоп[2;37;0m[36mад[1;36m║©[2;37;0m[2;37;0m[1;36m╨мип(koasi)ё╨[2;37;0m[1;36m╨СцФ╣двН╨ц╣хдЦх╔акдЦоКх╔╣дцееитзвЖё╛╨СцФ╣дсп╧╕╪╗╫╠юЬ[2;37;0m
[256D[K[36m║╬[1;36mоп[2;37;0m[36mад[1;36m║©[2;37;0m[2;37;0m[1;36mбю╤╢╠Ж(ldb)ё╨[2;37;0m[1;36mуБц╢╤Ю╣╓ё╛Ётдд╦Ж[2;37;0m
[256D[K[36m║╬[1;36mоп[2;37;0m[36mад[1;36m║©[2;37;0m[2;37;0m[1;36m╤╚╥╫╧цдО(dfgn)ё╨[2;37;0m[1;36mц©жж╤╪Ёт[2;37;0m
[256D[K[36m║╬[1;36mоп[2;37;0m[36mад[1;36m║©[2;37;0m[2;37;0m[1;36mбю╤╢╠Ж(ldb)ё╨[2;37;0m[1;36mх╚ЁтмЙё©[2;37;0m
[256D[K[36m║╬[1;36mоп[2;37;0m[36mад[1;36m║©[2;37;0m[2;37;0m[1;36m╤╚╥╫╧цдО(dfgn)ё╨[2;37;0m[1;36mц©жжЁи╧╕5╢н╬мok[2;37;0m
[256D[K[36m║╬[1;36mоп[2;37;0m[36mад[1;36m║©[2;37;0m[2;37;0m[1;36m╧э╪р(guanjia)ё╨[2;37;0m[1;36mdfgn дЦ╣днДфВвЖакц╩сп..[2;37;0m
[256D[K[36m║╬[1;36mоп[2;37;0m[36mад[1;36m║©[2;37;0m[2;37;0m[1;36m╤╚╥╫╧цдО(dfgn)ё╨[2;37;0m[1;36mй╖╟эр╙Ёт╧Швсжьжц[2;37;0m
[256D[K[36m║╬[1;36mоп[2;37;0m[36mад[1;36m║©[2;37;0m[2;37;0m[1;36m╨мип(koasi)ё╨[2;37;0m[1;36mууве╟ОжЗюОцФп╢╣дЁт[2;37;0m
[256D[K[36m║╬[1;36mоп[2;37;0m[36mад[1;36m║©[2;37;0m[2;37;0m[1;36m[1;36mяНп║п╟(yang xiaoxie)к╚х╜р╩╠╖ё╛╦ъиЫ╤т[1;36m╟╫╡╩вП(zun)[1;36mк╣╣юё╨║╟╧╖о╡ё║╧╖о╡ё║
[256D[K[36m║╬[1;36mоп[2;37;0m[36mад[1;36m║©[2;37;0m[2;37;0m[1;36m╤╚╥╫╧цдО(dfgn)ё╨[2;37;0m[1;36mнДфВвЖакё╛╬мйгц╩о╢╣╫т╤╧е[2;37;0m
[256D[K[35m║╬[2;37;0m[1;35mр╔[2;37;0m[35mят[2;37;0m[1;35m║©[2;37;0m[2;37;0m[1;35mё╨[2;37;0m[1;35m╫╜╨Ч╢╚ятё╛нДя╖╢Свзй╕п║лЛ╠у╧ьпча╤вЙяп╥ияЮ╩ьоХё╛жусзмЙиффДффуюж╝╢╕ё╛╡╒╧Цн╙аВ╢╚║ё[2;37;0m
[256D[K[36m║╬[1;36mоп[2;37;0m[36mад[1;36m║©[2;37;0m[2;37;0m[1;36mбю╤╢╠Ж(ldb)ё╨[2;37;0m[1;36m╣╓ЁтмЙак[2;37;0m
[256D[K[36m║╬[1;36mоп[2;37;0m[36mад[1;36m║©[2;37;0m[2;37;0m[1;36mбю╤╢╠Ж(ldb)ё╨[2;37;0m[1;36mх╩╨Сдь[2;37;0m
[256D[K[36m║╬[1;36mоп[2;37;0m[36mад[1;36m║©[2;37;0m[2;37;0m[1;36m╤╚╥╫╧цдО(dfgn)ё╨[2;37;0m[1;36mhelp start2[2;37;0m
[256D[K[36m║╬[1;36mоп[2;37;0m[36mад[1;36m║©[2;37;0m[2;37;0m[1;36m╤╚╥╫╧цдО(dfgn)ё╨[2;37;0m[1;36mр╩╡╫╡╫ю╢[2;37;0m
[256D[K[36m║╬[1;36mоп[2;37;0m[36mад[1;36m║©[2;37;0m[2;37;0m[1;36mбю╤╢╠Ж(ldb)bud[2;37;0m
[256D[K[36m║╬[1;36mоп[2;37;0m[36mад[1;36m║©[2;37;0m[2;37;0m[1;36m╤╚╥╫╧цдО(dfgn)б╤ЁЖак╤╚╥╫╧цдО(dfgn)╣дцюмхё╛кд╢╕оКсу╩С╠Пхкё║[2;37;0m[30m * lure 
[256D[K[36m║╬[1;36mоп[2;37;0m[36mад[1;36m║©[2;37;0m[2;37;0m[1;36mдо╨ёиЯдА(nanhai shenni)ё╨[2;37;0m[1;36mуФйгЁ╓╫╜╨Сюкмфг╟юкё╛оК╡╩╣╫╫Яхусжсп╪нмчУриМнДаж╢Свзй╕╣дппапё║[2;37;0m
[256D[K[36m║╬[1;36mоп[2;37;0m[36mад[1;36m║©[2;37;0m[2;37;0m[1;36m╩фия(huang shang)ё╨[2;37;0m[1;36m╧╖о╡уБн╩п║ои╧цё╛╡╩╧ЩнД╣юсюнчж╧╬Ёё╛╩╧мШ╪лпЬе╛а╕╟║ё║[2;37;0m
[256D[K[36m║╬[1;36mоп[2;37;0m[36mад[1;36m║©[2;37;0m[2;37;0m[1;36m╤ю╧бгС╟э(dugu qiubai)ё╨[2;37;0m[1;36mуБн╩п║ои╧ц©ир╙ифвтуДжьё╛пКж╙г©жп╦Эспг©жпйж║ё[2;37;0m
[256D[K[35m║╬[2;37;0m[1;35mр╔[2;37;0m[35mят[2;37;0m[1;35m║©[2;37;0m[2;37;0m[1;35mё╨[2;37;0m[1;35mлЩк╣╪нмчЁин╙нДя╖╢Свзй╕║ё[2;37;0m
[256D[K[36m║╬[1;36mоп[2;37;0m[36mад[1;36m║©[2;37;0m[2;37;0m[1;36m╤╚╥╫╧цдО(dfgn)уЗуЗ╣д©╢ве╪нмч(java)ё╛╥╒ак╨цр╩╩А╤Ы╢Тё╛╠гя╙аВакр╩╣ь║ё[2;37;0m[30m * bx java
[256D[K[36m║╬[1;36mоп[2;37;0m[36mад[1;36m║©[2;37;0m[2;37;0m[1;36m╪нмч(java)╟Гак╦Ж╧МаЁё╛нШнШр╩п╕ё╨нШнШнШнШё║[2;37;0m[30m * xixi 
[256D[K[36m║╬[1;36mоп[2;37;0m[36mад[1;36m║©[2;37;0m[2;37;0m[1;36m╤╚╥╫╧цдО(dfgn)ё╨[2;37;0m[1;36mweiboдЦ╩Атз╤Ю╬цё©[2;37;0m
[256D[K[36m║╬[1;36mоп[2;37;0m[36mад[1;36m║©[2;37;0m[2;37;0m[1;36mв╗сцяехк(emsz)тз╤╚╥╫╧цдО(dfgn)╣д╤Нм╥иогАгА╣ьнгакр╩об...[2;37;0m[30m * kiss dfgn
[256D[K[36m║╬[1;36mоп[2;37;0m[36mад[1;36m║©[2;37;0m[2;37;0m[1;36m╪нмч(java)ё╨[2;37;0m[1;36m6:00 об╟Ю[2;37;0m
[256D[K[36m║╬[1;36mоп[2;37;0m[36mад[1;36m║©[2;37;0m[2;37;0m[1;36m╤╚╥╫╧цдО(dfgn)ё╨[2;37;0m[1;36mе╤ё╛╣х╩Анрю╢ею╦ЖкЧ╟иё╛52╡Ц╡╩╦йпд╟║[2;37;0m
[256D[K[36m║╬[1;36mоп[2;37;0m[36mад[1;36m║©[2;37;0m[2;37;0m[1;36mв╗сцяехк(emsz)ё╨[2;37;0m[1;36m╣╫1мР╪╤тыею╟и[2;37;0m
[256D[K[36m║╬[1;36mоп[2;37;0m[36mад[1;36m║©[2;37;0m[2;37;0m[1;36m╪нмч(java)ё╨[2;37;0m[1;36mok[2;37;0m
[256D[K[35m║╬[2;37;0m[1;35mр╔[2;37;0m[35mят[2;37;0m[1;35m║©[2;37;0m[2;37;0m[1;35mдЁхк(Someone.)╢Рве╣фаЩё╛╣╫╢╕ур©и╟╝╣д╢С╨сбМё║[2;37;0m[30m * hema 
[256D[K[35m║╬[2;37;0m[1;35mр╔[2;37;0m[35mят[2;37;0m[1;35m║©[2;37;0m[2;37;0m[1;35mдЁхк(Someone.)лЛуФ╣ь©╢ве╤╚╥╫╧цдО(dfgn)ё╛╢СиЫк╣╣юё╨║╟бХбХё╛©Лю╢©╢╟║ё╛╨ц╢С╣ь╨сбМя╫ё║║╠[2;37;0m[30m * hema dfgn
[256D[K[36m║╬[1;36mоп[2;37;0m[36mад[1;36m║©[2;37;0m[2;37;0m[1;36m╤╚╥╫╧цдО(dfgn)╣дйж╦ъ╦ъ╬ыфПё╛╡╩ж╙╣юр╙гцй╡ц╢╤╚нВ║ё[2;37;0m[30m * kok 
[256D[K[36m║╬[1;36mоп[2;37;0m[36mад[1;36m║©[2;37;0m[2;37;0m[1;36m╤╚╥╫╧цдО(dfgn)ё╨[2;37;0m[1;36mнр╫с╧Щх╔ак[2;37;0m
[256D[K[36m║╬[1;36mоп[2;37;0m[36mад[1;36m║©[2;37;0m[2;37;0m[1;36m╤╚╥╫╧цдО(dfgn)н╙вт╪╨╢РфЬё╛мШ©у╢С╨╟ё╨╪ссм ~~~!![2;37;0m[30m * addoil dfgn
[256D[K[36m║╬[1;36mоп[2;37;0m[36mад[1;36m║©[2;37;0m[2;37;0m[1;36m╤╚╥╫йЕйЕ(dfss)╤тжЬлЛ©уюг╨© ... ъонь║╚║╚ ъонь║╚║╚[2;37;0m[30m * howl 
[256D[K[35m║╬[2;37;0m[1;35mр╔[2;37;0m[35mят[2;37;0m[1;35m║©[2;37;0m[2;37;0m[1;35mдЁхк(Someone.)р╩╫емЫ╤╚╥╫йЕйЕ(dfss)╣дф╗ф╗лъакобх╔ё╛м╢╣ц╤╚╥╫йЕйЕ(dfss)мшмш╢С╫п║ё[2;37;0m[30m * kick dfss
[256D[K[36m║╬[1;36mоп[2;37;0m[36mад[1;36m║©[2;37;0m[2;37;0m[1;36mлфИ╙(tang nan)ё╨[2;37;0m[1;36m╫Эху╣ц╣╫ё╨[37m╟всЯ╤л╣я[2;37;0m║╒[1;37mнз╧Й╧╥оЦоЦ[2;37;0m║╒[1;37m╡ь╠╕м╪[2;37;0m║╒[1;37mЁ╬╥В[2;37;0m║╒[1;31m╡йо╪еШ╥Г[2;37;0m║╒[1;35m╫╧н╡гы[2;37;0m║╒[1;34mй╔╩ПаН[2;37;0m║╒[1;35mкье╝╬╜[2;37;0m[1;36m╨м[2;37;0m[1;33m╫ПНн[2;37;0m[1;36mё╛╡╩ж╙ддн╩╫╜╨ЧеСсяпХр╙║ё[2;37;0m[2;37;0m
[256D[K[35m║╬[2;37;0m[1;35mр╔[2;37;0m[35mят[2;37;0m[1;35m║©[2;37;0m[2;37;0m[1;35mё╨[2;37;0m[1;35m╫╜╨Ч╢╚ятё╛нДя╖╢Свзй╕п║лЛ╠у╧ьпча╤вЙяп╥ияЮ╩ьоХё╛жусзмЙиффДффуюж╝╢╕ё╛╡╒╧Цн╙аВ╢╚║ё[2;37;0m
[256D[K[35m║╬[2;37;0m[1;35mр╔[2;37;0m[35mят[2;37;0m[1;35m║©[2;37;0m[2;37;0m[1;35mдЁхк(Someone.)ё╨[2;37;0m[1;35mП╣ъгтзмУели╫╩В╟эак╦Вб╥с╒╨юё╛╤А╣цакмюаЗ╠╕╣╤║ё[2;37;0m
[256D[K[36m║╬[1;36mоп[2;37;0m[36mад[1;36m║©[2;37;0m[2;37;0m[1;36m╤╚╥╫йЕйЕ(dfss)╢С╫пр╩иЫё╨нр ё╝ё╝ёкёаёоё╛ёи╥Чакёыёоёу╕Дё║╕Д[2;37;0m[30m * kao 
[256D[K[36m║╬[1;36mоп[2;37;0m[36mад[1;36m║©[2;37;0m[2;37;0m[1;36m╤╚╥╫йЕйЕ(dfss)ё╨[2;37;0m[1;36m╢Р╡╩╧Щпгкч╣д[2;37;0m
[256D[K[36m║╬[1;36mоп[2;37;0m[36mад[1;36m║©[2;37;0m[2;37;0m[1;36m╟б╡╘╫ьк╜(objc)ё╨[2;37;0m[1;36mпгкч╣д╨╝д╖ ╥юсЫ╨эеё╣д[2;37;0m
[256D[K[36m║╬[1;36mоп[2;37;0m[36mад[1;36m║©[2;37;0m[2;37;0m[1;36m╤╚╥╫йЕйЕ(dfss)ё╨[2;37;0m[1;36mдЦуЗуЗ╣ьмШвейёсЮ╣д╤ЧуеаИ╥Шё╛╢С©з╢╜о╒веё╛╡╩ж╙╣ю╦ц╡╩╦ц╪лпЬ......[2;37;0m
[256D[K[36m║╬[1;36mоп[2;37;0m[36mад[1;36m║©[2;37;0m[2;37;0m[1;36m╤╚╥╫йЕйЕ(dfss)ё╨[2;37;0m[1;36mа╛кю3╢н[2;37;0m
[256D[K[36m║╬[1;36mоп[2;37;0m[36mад[1;36m║©[2;37;0m[2;37;0m[1;36m╤╚╥╫йЕйЕ(dfss)ё╨[2;37;0m[1;36mтУц╢╟Л[2;37;0m
[256D[K[36m║╬[1;36mоп[2;37;0m[36mад[1;36m║©[2;37;0m[2;37;0m[1;36m╟б╡╘╫ьк╜(objc)ё╨[2;37;0m[1;36m╠ёйь╣Ц╬мгцжс..╩Руътыйтр╩╢н[2;37;0m
[256D[K[35m║╬[2;37;0m[1;35mр╔[2;37;0m[35mят[2;37;0m[1;35m║©[2;37;0m[2;37;0m[1;35mё╨[2;37;0m[1;35m╫╜╨Ч╢╚ятё╛нДя╖╢Свзй╕п║лЛ╠у╧ьпча╤вЙяп╥ияЮ╩ьоХё╛жусзмЙиффДффуюж╝╢╕ё╛╡╒╧Цн╙аВ╢╚║ё[2;37;0m
[256D[K[36m║╬[1;36mоп[2;37;0m[36mад[1;36m║©[2;37;0m[2;37;0m[1;36m╤╚╥╫йЕйЕ(dfss)ё╨[2;37;0m[1;36m╥ефЗак[2;37;0m
[256D[K[35m║╬[2;37;0m[1;35mр╔[2;37;0m[35mят[2;37;0m[1;35m║©[2;37;0m[2;37;0m[1;35mдЁхк(Someone.)ё╨[2;37;0m[1;35mлЩк╣╤╚╥╫╧цдО╠╩ут╢С╨ёи╠кюак║ё[2;37;0m
[256D[K[36m║╬[1;36mоп[2;37;0m[36mад[1;36m║©[2;37;0m[2;37;0m[1;36m╟б╡╘╫ьк╜(objc)©змб╟вд╜ё╛╩Х╣╧тз╣ьиоак║ё[2;37;0m[30m * faint 
[256D[K[36m║╬[1;36mоп[2;37;0m[36mад[1;36m║©[2;37;0m[2;37;0m[1;36m╟б╡╘╫ьк╜(objc)ё╨[2;37;0m[1;36m║╬р╔ят║©дЁхк(Someone.)ё╨лЩк╣╤╚╥╫╧цдО╠╩ут╢С╨ёи╠кюак║ё[2;37;0m
[256D[K[36m║╬[1;36mоп[2;37;0m[36mад[1;36m║©[2;37;0m[2;37;0m[1;36m╢Сбяещ(xiangjj)ё╨[2;37;0m[1;36mут╢С╨ё дццЭю╢[2;37;0m
[256D[K[36m║╬[1;36mоп[2;37;0m[36mад[1;36m║©[2;37;0m[2;37;0m[1;36m╢Сбяещ(xiangjj)ё╨[2;37;0m[1;36mNPC?[2;37;0m
[256D[K[36m║╬[1;36mоп[2;37;0m[36mад[1;36m║©[2;37;0m[2;37;0m[1;36m╟б╡╘╫ьк╜(objc)ё╨[2;37;0m[1;36mк╜╥╒╣др╔ят[2;37;0m
[256D[K[36m║╬[1;36mоп[2;37;0m[36mад[1;36m║©[2;37;0m[2;37;0m[1;36m╤╚╥╫╧цдО(dfgn)╣дйж╦ъ╦ъ╬ыфПё╛╡╩ж╙╣юр╙гцй╡ц╢╤╚нВ║ё[2;37;0m[30m * kok 
[256D[K[36m║╬[1;36mоп[2;37;0m[36mад[1;36m║©[2;37;0m[2;37;0m[1;36m╤╚╥╫йЕйЕ(dfss)ё╨[2;37;0m[1;36m╡╩©фя╖╟║ё╛36╡Ц╬м╢Р╡╩╧Щак[2;37;0m
[256D[K[36m║╬[1;36mоп[2;37;0m[36mад[1;36m║©[2;37;0m[2;37;0m[1;36m╤╚╥╫йЕйЕ(dfss)ё╨[2;37;0m[1;36mпгкч╣ддя╣юр╩ж╠©ирт╟яхк╤Ёв║ё©[2;37;0m
[256D[K[36m║╬[1;36mоп[2;37;0m[36mад[1;36m║©[2;37;0m[2;37;0m[1;36m╢Сбяещ(xiangjj)ё╨[2;37;0m[1;36mнртзмФ╬ерУуФ╬╜ дЦмФ╡╩ё©╤╚╥╫╧цдО[2;37;0m
[256D[K[36m║╬[1;36mоп[2;37;0m[36mад[1;36m║©[2;37;0m[2;37;0m[1;36m╢Сбяещ(xiangjj)ё╨[2;37;0m[1;36m╨ы╨ы[2;37;0m
[256D[K[36m║╬[1;36mоп[2;37;0m[36mад[1;36m║©[2;37;0m[2;37;0m[1;36m╢Сбяещ(xiangjj)ё╨[2;37;0m[1;36m╪лпЬ╬ерУуФ╬╜ ак[2;37;0m
[256D[K[36m║╬[1;36mоп[2;37;0m[36mад[1;36m║©[2;37;0m[2;37;0m[1;36m╤╚╥╫йЕйЕ(dfss)ё╨[2;37;0m[1;36mаИ╦пкЧгТм╫╠╩дЦ╣ддза╕р╩уПё╛ж╩╬У╩КиМ╬╜бЖсШ╤оё╛фЬя╙╣╧аВё╛╪╦╨Утнак╧Щх╔║ё[2;37;0m
[256D[K[36m║╬[1;36mоп[2;37;0m[36mад[1;36m║©[2;37;0m[2;37;0m[1;36m╤╚╥╫йЕйЕ(dfss)ё╨[2;37;0m[1;36m╪╤╠П╣мр╡йг100%╤Ёв║ё╛л╚аВц╔ак[2;37;0m
[256D[K[36m║╬[1;36mоп[2;37;0m[36mад[1;36m║©[2;37;0m[2;37;0m[1;36m╤╚╥╫йЕйЕ(dfss)к╚йж╬ылЛё╛к╩иЫ╟╖╨её╨║╦н╙й╡ц╢юолЛр╙уБяЫ╤тнрё║ё║ё║н╙й╡ц╢ё©ё║н╙й╡ц╢ё©ё║║╧║ё[2;37;0m[30m * why 
[256D[K[35m║╬[2;37;0m[1;35mр╔[2;37;0m[35mят[2;37;0m[1;35m║©[2;37;0m[2;37;0m[1;35mдЁхк(Someone.)ё╨[2;37;0m[1;35mлЩк╣╤╚╥╫йЕйЕ╠╩╥╤╠Ы╠Ы╢Р╩Х╨С,╠╩люн╗и╠кюак║ё[2;37;0m
[256D[K[36m║╬[1;36mоп[2;37;0m[36mад[1;36m║©[2;37;0m[2;37;0m[1;36m╨мип(koasi)ё╨[2;37;0m[1;36m...[2;37;0m
[256D[K[36m║╬[1;36mоп[2;37;0m[36mад[1;36m║©[2;37;0m[2;37;0m[1;36mцниЯ╩З(shenji)ё╨[2;37;0m[1;36m...[2;37;0m
[256D[K[36m║╬[1;36mоп[2;37;0m[36mад[1;36m║©[2;37;0m[2;37;0m[1;36m╤╚╥╫йЕйЕ(dfss)ё╨[2;37;0m[1;36mкюпдакё╛╧р╣╫4000тыю╢╟и[2;37;0m
[256D[K[36m║╬[1;36mоп[2;37;0m[36mад[1;36m║©[2;37;0m[2;37;0m[1;36m╤╚╥╫йЕйЕ(dfss)еЭпьв╔в║вт╪╨╣дрбаЛё╛иЛЁ╓╡╠вс©Я╨╟ё╨нрр╙фЧхкю╡ё║ё║ё║[2;37;0m[30m * nip 
[256D[K[36m║╬[1;36mоп[2;37;0m[36mад[1;36m║©[2;37;0m[2;37;0m[1;36m╧э╪р(guanjia)ё╨[2;37;0m[1;36m╤Юиы╡Ц[2;37;0m
[256D[K[36m║╬[1;36mоп[2;37;0m[36mад[1;36m║©[2;37;0m[2;37;0m[1;36m╤╚╥╫йЕйЕ(dfss)ё╨[2;37;0m[1;36m36[2;37;0m
[256D[K[36m║╬[1;36mоп[2;37;0m[36mад[1;36m║©[2;37;0m[2;37;0m[1;36m╧э╪р(guanjia)ё╨[2;37;0m[1;36m4000lv пХр╙ 64E[2;37;0m
[256D[K[36m║╬[1;36mоп[2;37;0m[36mад[1;36m║©[2;37;0m[2;37;0m[1;36m╧э╪р(guanjia)ё╨[2;37;0m[1;36mдЦтУц╢╢Р╣д..нр1500╤╪30╡Цак[2;37;0m
[256D[K[36m║╬[1;36mоп[2;37;0m[36mад[1;36m║©[2;37;0m[2;37;0m[1;36m╤╚╥╫йЕйЕ(dfss)ё╨[2;37;0m[1;36mеЖ╣╫р╩╦Жпгкч╣дё╛4уеаИ╥Шх╚╥едгак[2;37;0m
[256D[K[36m║╬[1;36mоп[2;37;0m[36mад[1;36m║©[2;37;0m[2;37;0m[1;36m╤╚╥╫йЕйЕ(dfss)ё╨[2;37;0m[1;36m╦Ы╠╬цЧ╡╩╣╫[2;37;0m
[256D[K[36m║╬[1;36mоп[2;37;0m[36mад[1;36m║©[2;37;0m[2;37;0m[1;36m╤╚╥╫йЕйЕ(dfss)р╩оК╣╫икпд╢╕ё╛╠Цхл╡╩в║╥еиЫ╢С©ч║ё[2;37;0m[30m * cry 
[256D[K[36m║╬[1;36mоп[2;37;0m[36mад[1;36m║©[2;37;0m[2;37;0m[1;36m╤╚╥╫╧цдО(dfgn)ё╨[2;37;0m[1;36mweiboдЦ╫с╧Щх╔╟и[2;37;0m
[256D[K[35m║╬[2;37;0m[1;35mр╔[2;37;0m[35mят[2;37;0m[1;35m║©[2;37;0m[2;37;0m[1;35mё╨[2;37;0m[1;35mлЩк╣╪жспг╝╠у╧ьжпм╬м╩х╩╦╢ЁЖ║ё[2;37;0m
[256D[K[35m║╬[2;37;0m[1;35mр╔[2;37;0m[35mят[2;37;0m[1;35m║©[2;37;0m[2;37;0m[1;35mё╨[2;37;0m[1;35m[1;35m╨цоЯспхк╠╩тртнак....................
[256D[K[36m║╬[1;36mоп[2;37;0m[36mад[1;36m║©[2;37;0m[2;37;0m[1;36m╪нмч(java)ё╨[2;37;0m[1;36mnnd.. дЦсжмЭset brief 1 ак..╡Н╣Цсп╟я╩ЗфВ╦Цкю[2;37;0m
[256D[K[36m║╬[1;36mоп[2;37;0m[36mад[1;36m║©[2;37;0m[2;37;0m[1;36m╤╚╥╫╧цдО(dfgn)╡а╡а╤Нм╥ио╣д╨╧к╝║ё[2;37;0m[30m * sweat 
[256D[K[36m║╬[1;36mоп[2;37;0m[36mад[1;36m║©[2;37;0m[2;37;0m[1;36mв╗сцяехк(emsz)╡а╡а╤Нм╥ио╣д╨╧к╝║ё[2;37;0m[30m * sweat 
[256D[K[36m║╬[1;36mоп[2;37;0m[36mад[1;36m║©[2;37;0m[2;37;0m[1;36m╤╚╥╫╧цдО(dfgn)ё╨[2;37;0m[1;36mвН╫Э╡╩╩Аспйбакё╛╡╩еюкЧак[2;37;0m
[256D[K[36m║╬[1;36mоп[2;37;0m[36mад[1;36m║©[2;37;0m[2;37;0m[1;36m╤╚╥╫╧цдО(dfgn)еЭпьв╔в║вт╪╨╣дрбаЛё╛иЛЁ╓╡╠вс©Я╨╟ё╨нрр╙фЧхкю╡ё║ё║ё║[2;37;0m[30m * nip 
[256D[K[36m║╬[1;36mоп[2;37;0m[36mад[1;36m║©[2;37;0m[2;37;0m[1;36mв╗сцяехк(emsz)лФ╤╚╥╫╧цдО(dfgn)╡а╡ааЁио╣д╨╧к╝║ё[2;37;0m[30m * sweat dfgn
[256D[K[35m║╬[2;37;0m[1;35mр╔[2;37;0m[35mят[2;37;0m[1;35m║©[2;37;0m[2;37;0m[1;35mё╨[2;37;0m[1;35m╫╜╨Ч╢╚ятё╛нДя╖╢Свзй╕п║лЛ╠у╧ьпча╤вЙяп╥ияЮ╩ьоХё╛жусзмЙиффДффуюж╝╢╕ё╛╡╒╧Цн╙аВ╢╚║ё[2;37;0m
[256D[K[36m║╬[1;36mоп[2;37;0m[36mад[1;36m║©[2;37;0m[2;37;0m[1;36mлфИ╙(tang nan)ё╨[2;37;0m[1;36m╫Эху╣ц╣╫ё╨[1;34mр╧╧Б╠╜[2;37;0m║╒[35m╩╗цШ╡А[2;37;0m║╒[31mЁЮаЗаН[2;37;0m║╒[1;31mОзфЛ[2;37;0m║╒[1;33m╫ПНн[2;37;0m║╒[1;36mгЮ╩╗╢и╩╗ф©[2;37;0m║╒[33mр╩╢И╫Пц╚[2;37;0m║╒[1;37mл╚╪╚х╜╬╜[2;37;0m[1;36m╨м[2;37;0m[1;36mкдй╝╤Чуб╬╜[2;37;0m[1;36mё╛╡╩ж╙ддн╩╫╜╨ЧеСсяпХр╙║ё[2;37;0m[2;37;0m
[256D[K[36m║╬[1;36mоп[2;37;0m[36mад[1;36m║©[2;37;0m[2;37;0m[1;36m╧э╪р(guanjia)ё╨[2;37;0m[1;36msword-cognize  ожтзтУц╢╡едэ╪Ёх║╟║[2;37;0m
[256D[K[36m║╬[1;36mоп[2;37;0m[36mад[1;36m║©[2;37;0m[2;37;0m[1;36m[1;36mяНп║п╟(yang xiaoxie)к╚х╜р╩╠╖ё╛╦ъиЫ╤т[1;36m╨Зй╝╤Ч(hua)[1;36mк╣╣юё╨║╟╧╖о╡ё║╧╖о╡ё║
[256D[K[35m║╬[2;37;0m[1;35mр╔[2;37;0m[35mят[2;37;0m[1;35m║©[2;37;0m[2;37;0m[1;35mё╨[2;37;0m[1;35m╫╜╨Ч╢╚ятё╛нДя╖╢Свзй╕п║лЛ╠у╧ьпча╤вЙяп╥ияЮ╩ьоХё╛жусзмЙиффДффуюж╝╢╕ё╛╡╒╧Цн╙аВ╢╚║ё[2;37;0m
[256D[K[35m║╬[2;37;0m[1;35mр╔[2;37;0m[35mят[2;37;0m[1;35m║©[2;37;0m[2;37;0m[1;35mё╨[2;37;0m[1;35m╫╜╨Ч╢╚ятё╛нДя╖╢Свзй╕п║лЛ╠у╧ьпча╤вЙяп╥ияЮ╩ьоХё╛жусзмЙиффДффуюж╝╢╕ё╛╡╒╧Цн╙аВ╢╚║ё[2;37;0m
[256D[K[36m║╬[1;36mоп[2;37;0m[36mад[1;36m║©[2;37;0m[2;37;0m[1;36mлфИ╙(tang nan)ё╨[2;37;0m[1;36m╫Эху╣ц╣╫ё╨[37mлЗ╫ё[2;37;0m║╒[1;37mци╨╧р╘[2;37;0m║╒[1;36mю╤сЯ╡╖[2;37;0m║╒[1;35m╫╧н╡гы[2;37;0m║╒[1;36m╠ып╟╫ёфв[2;37;0m║╒[1;36m╤о╩Й╦Ю[2;37;0m║╒[36mрбяЫ[2;37;0m║╒[1;37mип╥╫╠╕╫ё[2;37;0m[1;36m╨м[2;37;0m[1;37mрЬ╧Ё[2;37;0m[1;36mё╛╡╩ж╙ддн╩╫╜╨ЧеСсяпХр╙║ё[2;37;0m[2;37;0m
[256D[K[36m║╬[1;36mоп[2;37;0m[36mад[1;36m║©[2;37;0m[2;37;0m[1;36m╤╚╥╫╧цдО(dfgn)╤тжЬлЛ©уюг╨© ... ъонь║╚║╚ ъонь║╚║╚[2;37;0m[30m * howl 
[256D[K[36m║╬[1;36mоп[2;37;0m[36mад[1;36m║©[2;37;0m[2;37;0m[1;36m[1;36mяНп║п╟(yang xiaoxie)к╚х╜р╩╠╖ё╛╦ъиЫ╤т[1;36m╪╦сж(juan)[1;36mк╣╣юё╨║╟╧╖о╡ё║╧╖о╡ё║
[256D[K[36m║╬[1;36mоп[2;37;0m[36mад[1;36m║©[2;37;0m[2;37;0m[1;36m╤╚╥╫╧цдО(dfgn)ё╨[2;37;0m[1;36m╧рkw╧р╣╫йю╫Гд╘ху[2;37;0m
[256D[K[36m║╬[1;36mоп[2;37;0m[36mад[1;36m║©[2;37;0m[2;37;0m[1;36m╤╚╥╫╧цдО(dfgn)у╬тз╨с╠ъё╛дзеёбЗцФ║ё[2;37;0m[30m * river 
[256D[K[36m║╬[1;36mоп[2;37;0m[36mад[1;36m║©[2;37;0m[2;37;0m[1;36mнйнйнй(testabc)ё╨[2;37;0m[1;36mй╡ц╢цееивИ╨овНг©║ё[2;37;0m
[256D[K[36m║╬[1;36mоп[2;37;0m[36mад[1;36m║©[2;37;0m[2;37;0m[1;36mнйнйнй(testabc)ё╨[2;37;0m[1;36mй╡ц╢цееивИ╨овНг©║ё[2;37;0m
[256D[K[36m║╬[1;36mоп[2;37;0m[36mад[1;36m║©[2;37;0m[2;37;0m[1;36mнйнйнй(testabc)ё╨[2;37;0m[1;36mй╡ц╢цееивИ╨овНг©║ё[2;37;0m
[256D[K[36m║╬[1;36mоп[2;37;0m[36mад[1;36m║©[2;37;0m[2;37;0m[1;36mнйнйнй(testabc)ё╨[2;37;0m[1;36mц╩хкбПё©[2;37;0m
[256D[K[36m║╬[1;36mоп[2;37;0m[36mад[1;36m║©[2;37;0m[2;37;0m[1;36m╪нмч(java)ё╨[2;37;0m[1;36mц╩╥╗╩ь╢П..[2;37;0m
[256D[K[36m║╬[1;36mоп[2;37;0m[36mад[1;36m║©[2;37;0m[2;37;0m[1;36m╪нмч(java)ё╨[2;37;0m[1;36mв╟╠╦вНеё..[2;37;0m
[256D[K[35m║╬[2;37;0m[1;35mр╔[2;37;0m[35mят[2;37;0m[1;35m║©[2;37;0m[2;37;0m[1;35mё╨[2;37;0m[1;35m╫╜╨Ч╢╚ятё╛нДя╖╢Свзй╕п║лЛ╠у╧ьпча╤вЙяп╥ияЮ╩ьоХё╛жусзмЙиффДффуюж╝╢╕ё╛╡╒╧Цн╙аВ╢╚║ё[2;37;0m
[256D[K[35m║╬[2;37;0m[1;35mр╔[2;37;0m[35mят[2;37;0m[1;35m║©[2;37;0m[2;37;0m[1;35mё╨[2;37;0m[1;35m╫╜╨Ч╢╚ятё╛нДя╖╢Свзй╕п║лЛ╠у╧ьпча╤вЙяп╥ияЮ╩ьоХё╛жусзмЙиффДффуюж╝╢╕ё╛╡╒╧Цн╙аВ╢╚║ё[2;37;0m
[256D[K[36m║╬[1;36mоп[2;37;0m[36mад[1;36m║©[2;37;0m[2;37;0m[1;36mлфИ╙(tang nan)ё╨[2;37;0m[1;36m╫Эху╣ц╣╫ё╨[1;31mрУяТ╨о╩╤и╒[2;37;0m║╒[1;37mл╚╪╚х╜╬╜[2;37;0m║╒[37mлЗк╝м╟[2;37;0m║╒[1;33mхЩвж╬╜[2;37;0m║╒[1;37m╡ь╠╕м╪[2;37;0m║╒[1;37m©ЯиЗгЗфв[2;37;0m║╒[1;36mхЩгЕ╧╛╧Ф[2;37;0m║╒[1;37mгЕцВио╨см╪[2;37;0m[1;36m╨м[2;37;0m[1;31mОзфЛ[2;37;0m[1;36mё╛╡╩ж╙ддн╩╫╜╨ЧеСсяпХр╙║ё[2;37;0m[2;37;0m
[256D[K[35m║╬[2;37;0m[1;35mр╔[2;37;0m[35mят[2;37;0m[1;35m║©[2;37;0m[2;37;0m[1;35m╠ххЭ╬╚аИё╨[2;37;0m[1;35mлЩк╣р╩дЙр╩╤х╣дмюхк╢СхЭбМио╬мр╙╬ыппакё╛╡╩ж╙╣ю╫ЯдЙ╣д╧з╬Эйгк╜ё©[2;37;0m
[256D[K[35m║╬[2;37;0m[1;35mр╔[2;37;0m[35mят[2;37;0m[1;35m║©[2;37;0m[2;37;0m[1;35m╠ххЭ╬╚аИё╨[2;37;0m[1;35mлЩк╣╫ЯдЙ╣дмюхк╢СхЭрР╧йх║оШакё╛уФйгц╩╬╒║ё[2;37;0m
[256D[K[36m║╬[1;36mоп[2;37;0m[36mад[1;36m║©[2;37;0m[2;37;0m[1;36m╤╚╥╫╧цдО(dfgn)еЭпьв╔в║вт╪╨╣дрбаЛё╛иЛЁ╓╡╠вс©Я╨╟ё╨нрр╙фЧхкю╡ё║ё║ё║[2;37;0m[30m * nip 
[256D[K[35m║╬[2;37;0m[1;35mр╔[2;37;0m[35mят[2;37;0m[1;35m║©[2;37;0m[2;37;0m[1;35mё╨[2;37;0m[1;35m╫╜╨Ч╢╚ятё╛нДя╖╢Свзй╕п║лЛ╠у╧ьпча╤вЙяп╥ияЮ╩ьоХё╛жусзмЙиффДффуюж╝╢╕ё╛╡╒╧Цн╙аВ╢╚║ё[2;37;0m
[256D[K[36m║╬[1;36mоп[2;37;0m[36mад[1;36m║©[2;37;0m[2;37;0m[1;36m╠╠д╝(mmww)ё╨[2;37;0m[1;36m 4 п║й╠ак║ё╩╧ц╩hamagong ╩╧ц╩а╥╣╫400.║ё║ё[2;37;0m
[256D[K[36m║╬[1;36mоп[2;37;0m[36mад[1;36m║©[2;37;0m[2;37;0m[1;36m╠╠д╝(mmww)ё╨[2;37;0m[1;36mл╚╠Дл╛ак║ё║ё[2;37;0m
[256D[K[36m║╬[1;36mоп[2;37;0m[36mад[1;36m║©[2;37;0m[2;37;0m[1;36m╧э╪р(guanjia)ё╨[2;37;0m[1;36mдЦ╢╘╣дй╡ц╢╟║..а╥с╕╦ц╨э©Л╣д╟║[2;37;0m
[256D[K[36m║╬[1;36mоп[2;37;0m[36mад[1;36m║©[2;37;0m[2;37;0m[1;36m╠╠д╝(mmww)ё╨[2;37;0m[1;36mвё╦ёлв[2;37;0m
[256D[K[36m║╬[1;36mоп[2;37;0m[36mад[1;36m║©[2;37;0m[2;37;0m[1;36m╤╚╥╫╧цдО(dfgn)╤тве╠╠д╝(mmww)л╬╣юё╨║╟уБдЙм╥ё║й╡ц╢йб╤╪сп║ё║╠[2;37;0m[30m * sigh2 mmww
[256D[K[36m║╬[1;36mоп[2;37;0m[36mад[1;36m║©[2;37;0m[2;37;0m[1;36m[1;36mяНп║п╟(yang xiaoxie)к╚х╜р╩╠╖ё╛╦ъиЫ╤т[1;36mаИпэ(ruby)[1;36mк╣╣юё╨║╟╧╖о╡ё║╧╖о╡ё║
[256D[K[36m║╬[1;36mоп[2;37;0m[36mад[1;36m║©[2;37;0m[2;37;0m[1;36m╠╠д╝(mmww)ё╨[2;37;0m[1;36m ╩Ы╠╬ ц©цК 1%[2;37;0m
[256D[K[36m║╬[1;36mоп[2;37;0m[36mад[1;36m║©[2;37;0m[2;37;0m[1;36m╤╚╥╫╧цдО(dfgn)ё╨[2;37;0m[1;36m╫ХдЦ╦Ж╤╚нВ[2;37;0m
[2;37;0m[256D[K[36m║╬[1;36mоп[2;37;0m[36mад[1;36m║©[2;37;0m[2;37;0m[1;36m╠╠д╝(mmww)ё╨[2;37;0m[1;36m╢С╦епХр╙  300* 100[2;37;0m
[256D[K[36m║╬[1;36mоп[2;37;0m[36mад[1;36m║©[2;37;0m[2;37;0m[1;36m╠╠д╝(mmww)ё╨[2;37;0m[1;36m╢С╦епХр╙  300* 100 цК[2;37;0m
[256D[K[36m║╬[1;36mоп[2;37;0m[36mад[1;36m║©[2;37;0m[2;37;0m[1;36m╤╚╥╫╧цдО(dfgn)ё╨[2;37;0m[1;36m...[2;37;0m
[256D[K[35m║╬[2;37;0m[1;35mр╔[2;37;0m[35mят[2;37;0m[1;35m║©[2;37;0m[2;37;0m[1;35mё╨[2;37;0m[1;35m╫╜╨Ч╢╚ятё╛нДя╖╢Свзй╕п║лЛ╠у╧ьпча╤вЙяп╥ияЮ╩ьоХё╛жусзмЙиффДффуюж╝╢╕ё╛╡╒╧Цн╙аВ╢╚║ё[2;37;0m
[256D[K[36m║╬[1;36mоп[2;37;0m[36mад[1;36m║©[2;37;0m[2;37;0m[1;36m╤╚╥╫╧цдО(dfgn)ё╨[2;37;0m[1;36mю╢kw[2;37;0m
[256D[K[36m║╬[1;36mоп[2;37;0m[36mад[1;36m║©[2;37;0m[2;37;0m[1;36m╤╚╥╫╧цдО(dfgn)╨щ╨щ╣ьгцжЬ╠╠д╝(mmww)╣ддт╢Эё╛╠╠д╝(mmww)╠╩гц╣цдт╢Э╢СакхЩх╕ё╛бЗм╥╢С╟Э║ё[2;37;0m[30m * kok mmww
[256D[K[36m║╬[1;36mоп[2;37;0m[36mад[1;36m║©[2;37;0m[2;37;0m[1;36m╟б╡╘╫ьк╜(objc)ё╨[2;37;0m[1;36m╢╘ ндгЗлв  ╪с belt ..400 р╙╡╩ак╤Ю╬ц╣д[2;37;0m
[256D[K[36m║╬[1;36mоп[2;37;0m[36mад[1;36m║©[2;37;0m[2;37;0m[1;36m╠╠д╝(mmww)ё╨[2;37;0m[1;36m8п║й╠ё╛╢Р╦Жуш©ш 6п║й╠╡Н╡╩╤Ю║ё║ёуБ╦Жйгсно╥бПё©╩╧дэмФбПё©[2;37;0m
[256D[K[36m║╬[1;36mоп[2;37;0m[36mад[1;36m║©[2;37;0m[2;37;0m[1;36m╤╚╥╫╧цдО(dfgn)ё╨[2;37;0m[1;36mmmww, ю╢kw[2;37;0m
[256D[K[36m║╬[1;36mоп[2;37;0m[36mад[1;36m║©[2;37;0m[2;37;0m[1;36m╠╠д╝(mmww)ё╨[2;37;0m[1;36mkw йгй╡ц╢ё©[2;37;0m
[256D[K[36m║╬[1;36mоп[2;37;0m[36mад[1;36m║©[2;37;0m[2;37;0m[1;36mе╣╩Ыяг(nokia)ё╨[2;37;0m[1;36mkingwar[2;37;0m
[256D[K[36m║╬[1;36mоп[2;37;0m[36mад[1;36m║©[2;37;0m[2;37;0m[1;36m╠╠д╝(mmww)ё╨[2;37;0m[1;36mнД╧╕╩╧ц╩я╖║ёх╔кмкюё©[2;37;0m
[256D[K[36m║╬[1;36mоп[2;37;0m[36mад[1;36m║©[2;37;0m[2;37;0m[1;36m╤╚╥╫╧цдО(dfgn)ё╨[2;37;0m[1;36mrideto xiangyang, #4 n, ask guo about ╡н╬Э[2;37;0m
[256D[K[36m║╬[1;36mоп[2;37;0m[36mад[1;36m║©[2;37;0m[2;37;0m[1;36m╨мип(koasi)ё╨[2;37;0m[1;36mдЦоКкюц╡кф╤╪кю╡╩ак[2;37;0m
[256D[K[36m║╬[1;36mоп[2;37;0m[36mад[1;36m║©[2;37;0m[2;37;0m[1;36mе╣╩Ыяг(nokia)ё╨[2;37;0m[1;36mkingwar╡╩пХр╙╧╕╥Р[2;37;0m
[256D[K[36m║╬[1;36mоп[2;37;0m[36mад[1;36m║©[2;37;0m[2;37;0m[1;36m╤╚╥╫╧цдО(dfgn)ё╨[2;37;0m[1;36mrideto xiangyang, w, #4 n, ask guo about ╡н╬Э[2;37;0m
[256D[K[35m║╬[2;37;0m[1;35mр╔[2;37;0m[35mят[2;37;0m[1;35m║©[2;37;0m[2;37;0m[1;35mдЁхк(Someone.)ё╨[2;37;0m[1;35mе╣╩ЫягтзмУели╫╩В╟эак╦Вб╥с╒╨юё╛╤А╣цакмюаЗ╠╕╣╤║ё[2;37;0m
[256D[K[36m║╬[1;36mоп[2;37;0m[36mад[1;36m║©[2;37;0m[2;37;0m[1;36m╠╠д╝(mmww)ё╨[2;37;0m[1;36mио╢ннрх╔ак║ёк╒фа╡Н╣Цк╒╤ооъ[2;37;0m
[256D[K[36m║╬[1;36mоп[2;37;0m[36mад[1;36m║©[2;37;0m[2;37;0m[1;36m╤╚╥╫╧цдО(dfgn)ё╨[2;37;0m[1;36m╫Х╤╚нВ╦ЬдЦя╖ё╛╡╩ю╢╬мкЦак[2;37;0m
[256D[K[36m║╬[1;36mоп[2;37;0m[36mад[1;36m║©[2;37;0m[2;37;0m[1;36m╠╠д╝(mmww)ё╨[2;37;0m[1;36m йг╩╓ОзхннЯё©[2;37;0m
[256D[K[36m║╬[1;36mоп[2;37;0m[36mад[1;36m║©[2;37;0m[2;37;0m[1;36m╤╚╥╫╧цдО(dfgn)╣дйж╦ъ╦ъ╬ыфПё╛╡╩ж╙╣юр╙гцй╡ц╢╤╚нВ║ё[2;37;0m[30m * kok 
[256D[K[36m║╬[1;36mоп[2;37;0m[36mад[1;36m║©[2;37;0m[2;37;0m[1;36m╧э╪р(guanjia)ё╨[2;37;0m[1;36mя╧а╦[2;37;0m
[256D[K[36m║╬[1;36mоп[2;37;0m[36mад[1;36m║©[2;37;0m[2;37;0m[1;36m╧э╪р(guanjia)ё╨[2;37;0m[1;36mwartime[2;37;0m
[256D[K[36m║╬[1;36mоп[2;37;0m[36mад[1;36m║©[2;37;0m[2;37;0m[1;36m╠╠д╝(mmww)ё╨[2;37;0m[1;36m е╤║ё©Лоб╟Юак║ёоб╢н╟и║ёп╩п╩[2;37;0m
[256D[K[36m║╬[1;36mоп[2;37;0m[36mад[1;36m║©[2;37;0m[2;37;0m[1;36m╧э╪р(guanjia)ё╨[2;37;0m[1;36m╩╧╡╩хГ╣х5╥жжс уБбж╫АйЬ тзgc ╫Х╦ЬкШ[2;37;0m
[256D[K[36m║╬[1;36mоп[2;37;0m[36mад[1;36m║©[2;37;0m[2;37;0m[1;36m╤╚╥╫╧цдО(dfgn)б╤ЁЖюШюШ╣дяюЁщё╛╡╩ж╙╣юк╜йгобр╩╦Жйэ╨╕уъё©[2;37;0m[30m * bite 
[256D[K[36m║╬[1;36mоп[2;37;0m[36mад[1;36m║©[2;37;0m[2;37;0m[1;36mлфИ╙(tang nan)ё╨[2;37;0m[1;36m╫Эху╣ц╣╫ё╨[33m╨Згы[2;37;0m║╒[1;33mлЛй╕у╤╧М╥Ш[2;37;0m║╒[1;31m╥╜╠╬╣д╠╬г╝[2;37;0m║╒[1;36mю╤сЯ╡╖[2;37;0m║╒[1;31mОзфЛ[2;37;0m║╒[1;31m©Ш╩╗╠╕╣Д[2;37;0m║╒[1;34m╧М╣╤[2;37;0m║╒[1;34mр╧╧Б╠╜[2;37;0m[1;36m╨м[2;37;0m[1;36mгЮ╩╗╢и╩╗ф©[2;37;0m[1;36mё╛╡╩ж╙ддн╩╫╜╨ЧеСсяпХр╙║ё[2;37;0m[2;37;0m
[256D[K[36m║╬[1;36mоп[2;37;0m[36mад[1;36m║©[2;37;0m[2;37;0m[1;36m╤╚╥╫╧цдО(dfgn)ё╨[2;37;0m[1;36mweibo[2;37;0m
[256D[K[36m║╬[1;36mоп[2;37;0m[36mад[1;36m║©[2;37;0m[2;37;0m[1;36mе╣╩Ыяг(nokia)б╤ЁЖри╩С╣д╠МгИ║ё[2;37;0m[30m * ? 
[256D[K[36m║╬[1;36mоп[2;37;0m[36mад[1;36m║©[2;37;0m[2;37;0m[1;36m╤╚╥╫╧цдО(dfgn)ё╨[2;37;0m[1;36mдЦkeen 3000╪╤дэею╤Юиы╡Цё©[2;37;0m
[256D[K[36m║╬[1;36mоп[2;37;0m[36mад[1;36m║©[2;37;0m[2;37;0m[1;36mе╣╩Ыяг(nokia)ё╨[2;37;0m[1;36m1500[2;37;0m
[256D[K[36m║╬[1;36mоп[2;37;0m[36mад[1;36m║©[2;37;0m[2;37;0m[1;36mе╣╩Ыяг(nokia)ё╨[2;37;0m[1;36m1500 30lv[2;37;0m
[256D[K[36m║╬[1;36mоп[2;37;0m[36mад[1;36m║©[2;37;0m[2;37;0m[1;36m╤╚╥╫╧цдО(dfgn)╡аак╡а╦у╦уаВоб╣д╠гя╙║ё╡аак╡а╦у╦уаВоб╠гя╙║ё[2;37;0m[30m * bx 
[256D[K[36m║╬[1;36mоп[2;37;0m[36mад[1;36m║©[2;37;0m[2;37;0m[1;36m╤╚╥╫╧цдО(dfgn)ё╨[2;37;0m[1;36mоб╢н©╢╣╫пгкч╣др╙passак[2;37;0m
[256D[K[36m║╬[1;36mоп[2;37;0m[36mад[1;36m║©[2;37;0m[2;37;0m[1;36m╨мип(koasi)ё╨[2;37;0m[1;36mдЦх╔е╙╦Ж╧жлЕц╢[2;37;0m
[256D[K[36m║╬[1;36mоп[2;37;0m[36mад[1;36m║©[2;37;0m[2;37;0m[1;36m╧э╪р(guanjia)ё╨[2;37;0m[1;36mпгкч╣д╨╝д╖ ╥юсЫ╨эеё[2;37;0m
[256D[K[36m║╬[1;36mоп[2;37;0m[36mад[1;36m║©[2;37;0m[2;37;0m[1;36m╤╚╥╫╧цдО(dfgn)ё╨[2;37;0m[1;36mря╬╜йг╧жлЕак[2;37;0m
[256D[K[36m║╬[1;36mоп[2;37;0m[36mад[1;36m║©[2;37;0m[2;37;0m[1;36m╤╚╥╫╧цдО(dfgn)ё╨[2;37;0m[1;36m╦п╬УweiboдЦ╧рdfss╥╒╬Ьупкы╤х╨э©Л╟║ё╛нрн╙и╤вэйгbusyдь[2;37;0m
[256D[K[36m║╬[1;36mоп[2;37;0m[36mад[1;36m║©[2;37;0m[2;37;0m[1;36m╨мип(koasi)ё╨[2;37;0m[1;36mрРн╙дЦйж╡пё╛╨ы╨ы[2;37;0m
[256D[K[36m║╬[1;36mоп[2;37;0m[36mад[1;36m║©[2;37;0m[2;37;0m[1;36m╟б╡╘╫ьк╜(objc)ё╨[2;37;0m[1;36m╡╩с╕╦ц╟║..р╩╟Цнр╤╪╦Ь╢╘ аЗиЯлв ╪Уbusy[2;37;0m
[256D[K[36m║╬[1;36mоп[2;37;0m[36mад[1;36m║©[2;37;0m[2;37;0m[1;36m╤╚╥╫╧цдО(dfgn)ё╨[2;37;0m[1;36mкДх╩йгяп╬©лвё╛busyр╡╪У╣ц╠хаЗиЯ╤Ю╟║[2;37;0m
[256D[K[36m║╬[1;36mоп[2;37;0m[36mад[1;36m║©[2;37;0m[2;37;0m[1;36m╥Гжпв╥╥Г(fzzf)ё╨[2;37;0m[1;36mр╩╣ф╫Бцэ©╗тз╣зр╩╡╫ак[2;37;0m
[256D[K[36m║╬[1;36mоп[2;37;0m[36mад[1;36m║©[2;37;0m[2;37;0m[1;36m╨мип(koasi)ё╨[2;37;0m[1;36mхц╫лжВ╠ЁдЦх╔[2;37;0m
[256D[K[36m║╬[1;36mоп[2;37;0m[36mад[1;36m║©[2;37;0m[2;37;0m[1;36m╤╚╥╫╧цдО(dfgn)ё╨[2;37;0m[1;36m║╬╩╞╫Бц╕бр║©        35 / 90[2;37;0m
[256D[K[36m║╬[1;36mоп[2;37;0m[36mад[1;36m║©[2;37;0m[2;37;0m[1;36m╥Гжпв╥╥Г(fzzf)ё╨[2;37;0m[1;36m╫лжВйгк╜ё©[2;37;0m
[256D[K[36m║╬[1;36mоп[2;37;0m[36mад[1;36m║©[2;37;0m[2;37;0m[1;36m╤╚╥╫╧цдО(dfgn)ё╨[2;37;0m[1;36mkwдьё╛ЁЖ╡╩ю╢[2;37;0m
[256D[K[36m║╬[1;36mоп[2;37;0m[36mад[1;36m║©[2;37;0m[2;37;0m[1;36m╧э╪р(guanjia)ё╨[2;37;0m[1;36m╩╞╫Бц╕бр  ╨м ╨Жйсц╕бр  ╤╪йг+ 20[2;37;0m
[256D[K[35m║╬[2;37;0m[1;35mр╔[2;37;0m[35mят[2;37;0m[1;35m║©[2;37;0m[2;37;0m[1;35mё╨[2;37;0m[1;35m╫╜╨Ч╢╚ятё╛нДя╖╢Свзй╕п║лЛ╠у╧ьпча╤вЙяп╥ияЮ╩ьоХё╛жусзмЙиффДффуюж╝╢╕ё╛╡╒╧Цн╙аВ╢╚║ё[2;37;0m
[256D[K[36m║╬[1;36mоп[2;37;0m[36mад[1;36m║©[2;37;0m[2;37;0m[1;36m╥Гжпв╥╥Г(fzzf)ё╨[2;37;0m[1;36mобвЬфОсци╤цЭаН[2;37;0m
[256D[K[36m║╬[1;36mоп[2;37;0m[36mад[1;36m║©[2;37;0m[2;37;0m[1;36m╤╚╥╫╧цдО(dfgn)ё╨[2;37;0m[1;36mц╩©╢╣╫╨Жйсц╕бр[2;37;0m
[256D[K[36m║╬[1;36mоп[2;37;0m[36mад[1;36m║©[2;37;0m[2;37;0m[1;36m╨мип(koasi)ё╨[2;37;0m[1;36munride[2;37;0m
[256D[K[36m║╬[1;36mоп[2;37;0m[36mад[1;36m║©[2;37;0m[2;37;0m[1;36m╧э╪р(guanjia)ё╨[2;37;0m[1;36mжВр╙йг╨Жйсц╕бр[2;37;0m
[256D[K[36m║╬[1;36mоп[2;37;0m[36mад[1;36m║©[2;37;0m[2;37;0m[1;36m╟б╡╘╫ьк╜(objc)ё╨[2;37;0m[1;36m╠╬ю╢нЭак100мРдза╕, ╫А╧Ш х╔╩╙и╫ ..ффсЯх╜╦Ь╫╣╣╫80мРак..[2;37;0m
[256D[K[36m║╬[1;36mоп[2;37;0m[36mад[1;36m║©[2;37;0m[2;37;0m[1;36m╤╚╥╫╧цдО(dfgn)ё╨[2;37;0m[1;36m35%[2;37;0m
[256D[K[36m║╬[1;36mоп[2;37;0m[36mад[1;36m║©[2;37;0m[2;37;0m[1;36m╤╚╥╫╧цдО(dfgn)ё╨[2;37;0m[1;36m╤╪йг35%[2;37;0m
[256D[K[36m║╬[1;36mоп[2;37;0m[36mад[1;36m║©[2;37;0m[2;37;0m[1;36m╧э╪р(guanjia)ё╨[2;37;0m[1;36mдгс╕╦ц╠хаЗиЯ╨ц╟║[2;37;0m
[256D[K[36m║╬[1;36mоп[2;37;0m[36mад[1;36m║©[2;37;0m[2;37;0m[1;36m╤╚╥╫╧цдО(dfgn)ё╨[2;37;0m[1;36m©идэеюкЧ╣дй╠╨Р╠╩busyё╛╤Ёв║и╤╣д╠х╫о╤Ю╟и[2;37;0m
[256D[K[36m║╬[1;36mоп[2;37;0m[36mад[1;36m║©[2;37;0m[2;37;0m[1;36m╟б╡╘╫ьк╜(objc)ё╨[2;37;0m[1;36mр╡╡╩ж╙╣юеЕ╢В е╝иЯлв йг╡╩йг╣Т кИф╛╣д╪╦бй╦ъ╣Ц[2;37;0m
[256D[K[36m║╬[1;36mоп[2;37;0m[36mад[1;36m║©[2;37;0m[2;37;0m[1;36m╤╚╥╫╧цдО(dfgn)р║р║м╥к╣╣юё╨нрй╡ц╢╤╪╡╩ж╙╣юё╛нрвН╧так ...[2;37;0m[30m * dunno 
[256D[K[36m║╬[1;36mоп[2;37;0m[36mад[1;36m║©[2;37;0m[2;37;0m[1;36m╥Гжпв╥╥Г(fzzf)ё╨[2;37;0m[1;36mтУц╢лЬ╣╫фы╡╪╬мяшг╟р╩╨з╟║ё©[2;37;0m
[256D[K[36m║╬[1;36mоп[2;37;0m[36mад[1;36m║©[2;37;0m[2;37;0m[1;36m╤╚╥╫╧цдО(dfgn)ё╨[2;37;0m[1;36mдд╦Жфы╡╪ё©╪╪дэ╡╩╧╩╟и[2;37;0m
[256D[K[36m║╬[1;36mоп[2;37;0m[36mад[1;36m║©[2;37;0m[2;37;0m[1;36m╟б╡╘╫ьк╜(objc)ё╨[2;37;0m[1;36mdodge ╡╩╧╩[2;37;0m
[256D[K[36m║╬[1;36mоп[2;37;0m[36mад[1;36m║©[2;37;0m[2;37;0m[1;36m╥Гжпв╥╥Г(fzzf)ё╨[2;37;0m[1;36mр╩╣ф╫Бцэ[2;37;0m
[256D[K[36m║╬[1;36mоп[2;37;0m[36mад[1;36m║©[2;37;0m[2;37;0m[1;36m╟б╡╘╫ьк╜(objc)ё╨[2;37;0m[1;36m120[2;37;0m
[256D[K[36m║╬[1;36mоп[2;37;0m[36mад[1;36m║©[2;37;0m[2;37;0m[1;36m╥Гжпв╥╥Г(fzzf)ё╨[2;37;0m[1;36m╨ц╟и[2;37;0m
[256D[K[36m║╬[1;36mоп[2;37;0m[36mад[1;36m║©[2;37;0m[2;37;0m[1;36m╧э╪р(guanjia)ё╨[2;37;0m[1;36mт╙к╖ожтзйгк╜╧р╣д╟║..zang йгк╜╣дID дь[2;37;0m
[256D[K[35m║╬[2;37;0m[1;35mр╔[2;37;0m[35mят[2;37;0m[1;35m║©[2;37;0m[2;37;0m[1;35mё╨[2;37;0m[1;35m╫╜╨Ч╢╚ятё╛нДя╖╢Свзй╕п║лЛ╠у╧ьпча╤вЙяп╥ияЮ╩ьоХё╛жусзмЙиффДффуюж╝╢╕ё╛╡╒╧Цн╙аВ╢╚║ё[2;37;0m
[256D[K[36m║╬[1;36mоп[2;37;0m[36mад[1;36m║©[2;37;0m[2;37;0m[1;36mхпнчх╠(baleno)ё╨[2;37;0m[1;36mуехЩ╥А╟з╟зйжё╛╤тдЦ╣юё╨нрожтзуБюО╣╧йгспр╩п╘йбгИё╛╡╩╧Щ╢ЩдЦмБЁЖюЗа╥╤нй╠╪Д╨Стык╣╟иё║[2;37;0m
[256D[K[36m║╬[1;36mоп[2;37;0m[36mад[1;36m║©[2;37;0m[2;37;0m[1;36mхпнчх╠(baleno)ё╨[2;37;0m[1;36mн╙╨н╡╩дэвВqmё©[2;37;0m
[256D[K[35m║╬[2;37;0m[1;35mр╔[2;37;0m[35mят[2;37;0m[1;35m║©[2;37;0m[2;37;0m[1;35mдЁхк(Someone.)ё╨[2;37;0m[1;35mask zhang юЗа╥[2;37;0m
[256D[K[36m║╬[1;36mоп[2;37;0m[36mад[1;36m║©[2;37;0m[2;37;0m[1;36mй╕л╚╦З╟Ю(lovenun)ё╨[2;37;0m[1;36mяНп║п╟(yang xiaoxie)м╣м╣╦ФкъдЦё╨╬щк╣иоцФ╧ья╨╣дйгё╨ь╓╟О©Яд╖ё╛ицЁ╓нД╧╕йгё╨╫╣аЗй╝╟куф║╒иъппюЙ╥╜║╒╩ЛлЛфЬ╧╕║ё[2;37;0m
[256D[K[36m║╬[1;36mоп[2;37;0m[36mад[1;36m║©[2;37;0m[2;37;0m[1;36mй╕л╚╦З╟Ю(lovenun)ё╨[2;37;0m[1;36mяНп║п╟(yang xiaoxie)м╣м╣╦ФкъдЦё╨╬щк╣иоцФ╧ья╨╣дйгё╨ь╓╟О©Яд╖ё╛ицЁ╓нД╧╕йгё╨╫╣аЗй╝╟куф║╒иъппюЙ╥╜║╒╩ЛлЛфЬ╧╕║ё;нр╬У╣цдЦ╤тиокШйг╪╚╤хнёоу╣д║ёхГ╧ШдЦ╩╧спаИ╥Ш╢нйЩё╛ожтз╬м©иртй╧сц(pass)╩╩╣ТкШё║[2;37;0m
[256D[K[36m║╬[1;36mоп[2;37;0m[36mад[1;36m║©[2;37;0m[2;37;0m[1;36mй╕л╚╦З╟Ю(lovenun)ё╨[2;37;0m[1;36m( аИ╦пкЧгТм╫╤тдЦтЛЁи8018035580╣Цик╨╕ё╛20044665364╣Ц╢╢ик║ё)( аИ╦пкЧгТм╫╤тдЦтЛЁи15030931631╣Цик╨╕ё╛45092298089╣Ц╢╢ик║ё)[2;37;0m
